2013-10-26 21:40:26,342 [ModalContext] INFO  c.n.h.c.p.n.NettyAsyncHttpProvider - Number of application's worked threads is 8
2013-10-26 21:40:27,014 [ModalContext] INFO  c.n.h.c.p.n.NettyAsyncHttpProvider - Number of application's worked threads is 8
2013-10-26 21:40:27,481 [ModalContext] INFO  c.n.h.c.p.n.NettyAsyncHttpProvider - Number of application's worked threads is 8
2013-10-26 21:40:27,739 [ModalContext] INFO  c.n.h.c.p.n.NettyAsyncHttpProvider - Number of application's worked threads is 8
2013-10-26 21:40:28,005 [ModalContext] INFO  c.n.h.c.p.n.NettyAsyncHttpProvider - Number of application's worked threads is 8
2013-10-26 21:40:28,290 [ModalContext] INFO  c.n.h.c.p.n.NettyAsyncHttpProvider - Number of application's worked threads is 8
2013-10-26 21:40:31,546 [ModalContext] WARN  o.e.m.i.discovery.MavenDiscovery - CatalogItem org.eclipse.m2e.discovery.lifecyclemapping.m2e-egit does not contain lifecycle mapping metadata
2013-10-26 21:40:31,553 [ModalContext] WARN  o.e.m.i.discovery.MavenDiscovery - CatalogItem org.eclipse.m2e.discovery.lifecyclemapping.m2e-subversive does not contain lifecycle mapping metadata
2013-10-26 21:40:31,554 [ModalContext] WARN  o.e.m.i.discovery.MavenDiscovery - CatalogItem org.eclipse.m2e.discovery.lifecyclemapping.m2e-subclipse does not contain lifecycle mapping metadata
2013-10-26 21:40:58,753 [Worker-2] INFO  o.e.m.c.i.l.LifecycleMappingFactory - Using org.eclipse.m2e.jdt.JarLifecycleMapping lifecycle mapping for MavenProject: nl.surfnet.apis:apis-resource-server-library:1.3.5-SNAPSHOT @ /home/emo/susi-oauth/apis/apis-resource-server-library/pom.xml.
2013-10-26 21:40:58,964 [Worker-2] INFO  o.e.m.c.i.l.LifecycleMappingFactory - Using org.eclipse.m2e.jdt.JarLifecycleMapping lifecycle mapping for MavenProject: nl.surfnet.apis:apis-example-resource-server:1.3.5-SNAPSHOT @ /home/emo/susi-oauth/apis/apis-example-resource-server/pom.xml.
2013-10-26 21:40:59,779 [Worker-2] INFO  o.e.m.c.i.l.LifecycleMappingFactory - Using org.eclipse.m2e.jdt.JarLifecycleMapping lifecycle mapping for MavenProject: nl.surfnet.apis:apis-authorization-server:1.3.5-SNAPSHOT @ /home/emo/susi-oauth/apis/apis-authorization-server/pom.xml.
2013-10-26 21:40:59,922 [Worker-2] INFO  o.e.m.c.i.l.LifecycleMappingFactory - Using org.maven.ide.eclipse.wtp.WarLifecycleMapping lifecycle mapping for MavenProject: nl.surfnet.apis:apis-authorization-server-war:1.3.5-SNAPSHOT @ /home/emo/susi-oauth/apis/apis-authorization-server-war/pom.xml.
2013-10-26 21:41:00,232 [Worker-2] INFO  o.e.m.c.i.l.LifecycleMappingFactory - Using org.eclipse.m2e.jdt.JarLifecycleMapping lifecycle mapping for MavenProject: nl.surfnet.apis:apis-surfconext-authn:1.3.5-SNAPSHOT @ /home/emo/susi-oauth/apis/apis-surfconext-authn/pom.xml.
2013-10-26 21:41:00,347 [Worker-2] INFO  o.e.m.c.i.l.LifecycleMappingFactory - Using org.maven.ide.eclipse.wtp.WarLifecycleMapping lifecycle mapping for MavenProject: nl.surfnet.apis:apis-example-resource-server-war:1.3.5-SNAPSHOT @ /home/emo/susi-oauth/apis/apis-example-resource-server-war/pom.xml.
2013-10-26 21:41:00,426 [Worker-2] INFO  o.e.m.c.i.l.LifecycleMappingFactory - Using org.maven.ide.eclipse.wtp.WarLifecycleMapping lifecycle mapping for MavenProject: nl.surfnet.apis:apis-example-client-app:1.3.5-SNAPSHOT @ /home/emo/susi-oauth/apis/apis-example-client-app/pom.xml.
2013-10-26 21:41:00,470 [Worker-2] INFO  o.e.m.c.i.l.LifecycleMappingFactory - Using org.maven.ide.eclipse.wtp.WarLifecycleMapping lifecycle mapping for MavenProject: nl.surfnet.apis:apis-openconext-mock-war:1.3.5-SNAPSHOT @ /home/emo/susi-oauth/apis/apis-openconext-mock-war/pom.xml.
2013-10-26 21:41:00,482 [Worker-2] INFO  o.e.m.c.i.l.LifecycleMappingFactory - Using NULL lifecycle mapping for MavenProject: nl.surfnet.apis:apis-authorization-server-dist:1.3.5-SNAPSHOT @ /home/emo/susi-oauth/apis/apis-authorization-server-dist/pom.xml.
2013-10-26 21:41:02,311 [Worker-2] INFO  o.e.m.j.i.AbstractJavaProjectConfigurator - Adding source folder /apis-resource-server-library/src/main/java
2013-10-26 21:41:02,313 [Worker-2] INFO  o.e.m.j.i.AbstractJavaProjectConfigurator - Adding source folder /apis-resource-server-library/src/test/java
2013-10-26 21:41:02,457 [Worker-0] INFO  o.e.m.c.i.l.LifecycleMappingFactory - Using org.eclipse.m2e.jdt.JarLifecycleMapping lifecycle mapping for MavenProject: nl.surfnet.apis:apis-authorization-server:1.3.5-SNAPSHOT @ /home/emo/susi-oauth/apis/apis-authorization-server/pom.xml.
2013-10-26 21:41:02,890 [Worker-0] INFO  o.e.m.c.i.l.LifecycleMappingFactory - Using NULL lifecycle mapping for MavenProject: nl.surfnet.apis:apis-authorization-server-dist:1.3.5-SNAPSHOT @ /home/emo/susi-oauth/apis/apis-authorization-server-dist/pom.xml.
2013-10-26 21:41:02,910 [Worker-2] INFO  o.e.m.j.i.AbstractJavaProjectConfigurator - Adding source folder /apis-authorization-server/src/main/java
2013-10-26 21:41:02,910 [Worker-2] INFO  o.e.m.j.i.AbstractJavaProjectConfigurator - Adding resource folder /apis-authorization-server/src/main/resources
2013-10-26 21:41:02,913 [Worker-2] INFO  o.e.m.j.i.AbstractJavaProjectConfigurator - Adding source folder /apis-authorization-server/src/test/java
2013-10-26 21:41:02,914 [Worker-2] INFO  o.e.m.j.i.AbstractJavaProjectConfigurator - Adding resource folder /apis-authorization-server/src/test/resources
2013-10-26 21:41:03,004 [Worker-0] INFO  o.e.m.c.i.l.LifecycleMappingFactory - Using org.maven.ide.eclipse.wtp.WarLifecycleMapping lifecycle mapping for MavenProject: nl.surfnet.apis:apis-authorization-server-war:1.3.5-SNAPSHOT @ /home/emo/susi-oauth/apis/apis-authorization-server-war/pom.xml.
2013-10-26 21:41:03,595 [Worker-0] INFO  o.e.m.c.i.l.LifecycleMappingFactory - Using org.maven.ide.eclipse.wtp.WarLifecycleMapping lifecycle mapping for MavenProject: nl.surfnet.apis:apis-example-client-app:1.3.5-SNAPSHOT @ /home/emo/susi-oauth/apis/apis-example-client-app/pom.xml.
2013-10-26 21:41:04,023 [Worker-0] INFO  o.e.m.c.i.l.LifecycleMappingFactory - Using org.eclipse.m2e.jdt.JarLifecycleMapping lifecycle mapping for MavenProject: nl.surfnet.apis:apis-example-resource-server:1.3.5-SNAPSHOT @ /home/emo/susi-oauth/apis/apis-example-resource-server/pom.xml.
2013-10-26 21:41:04,254 [Worker-2] INFO  o.e.m.j.i.AbstractJavaProjectConfigurator - Adding source folder /apis-surfconext-authn/src/main/java
2013-10-26 21:41:04,256 [Worker-2] INFO  o.e.m.j.i.AbstractJavaProjectConfigurator - Adding source folder /apis-surfconext-authn/src/test/java
2013-10-26 21:41:04,445 [Worker-2] INFO  o.e.m.j.i.AbstractJavaProjectConfigurator - Adding source folder /apis-openconext-mock-war/src/main/java
2013-10-26 21:41:04,446 [Worker-2] INFO  o.e.m.j.i.AbstractJavaProjectConfigurator - Adding source folder /apis-openconext-mock-war/src/test/java
2013-10-26 21:41:04,790 [Worker-0] INFO  o.e.m.c.i.l.LifecycleMappingFactory - Using org.maven.ide.eclipse.wtp.WarLifecycleMapping lifecycle mapping for MavenProject: nl.surfnet.apis:apis-example-resource-server-war:1.3.5-SNAPSHOT @ /home/emo/susi-oauth/apis/apis-example-resource-server-war/pom.xml.
2013-10-26 21:41:05,116 [Worker-0] INFO  o.e.m.c.i.l.LifecycleMappingFactory - Using org.maven.ide.eclipse.wtp.WarLifecycleMapping lifecycle mapping for MavenProject: nl.surfnet.apis:apis-openconext-mock-war:1.3.5-SNAPSHOT @ /home/emo/susi-oauth/apis/apis-openconext-mock-war/pom.xml.
2013-10-26 21:41:05,301 [Worker-0] INFO  o.e.m.c.i.l.LifecycleMappingFactory - Using org.eclipse.m2e.jdt.JarLifecycleMapping lifecycle mapping for MavenProject: nl.surfnet.apis:apis-resource-server-library:1.3.5-SNAPSHOT @ /home/emo/susi-oauth/apis/apis-resource-server-library/pom.xml.
2013-10-26 21:41:05,540 [Worker-0] INFO  o.e.m.c.i.l.LifecycleMappingFactory - Using org.eclipse.m2e.jdt.JarLifecycleMapping lifecycle mapping for MavenProject: nl.surfnet.apis:apis-surfconext-authn:1.3.5-SNAPSHOT @ /home/emo/susi-oauth/apis/apis-surfconext-authn/pom.xml.
2013-10-26 21:41:07,902 [Worker-2] INFO  o.e.m.j.i.AbstractJavaProjectConfigurator - Adding source folder /apis-authorization-server-war/src/main/java
2013-10-26 21:41:07,902 [Worker-2] INFO  o.e.m.j.i.AbstractJavaProjectConfigurator - Adding resource folder /apis-authorization-server-war/src/main/resources
2013-10-26 21:41:07,906 [Worker-2] INFO  o.e.m.j.i.AbstractJavaProjectConfigurator - Adding source folder /apis-authorization-server-war/src/test/java
2013-10-26 21:41:07,906 [Worker-2] INFO  o.e.m.j.i.AbstractJavaProjectConfigurator - Adding resource folder /apis-authorization-server-war/src/test/resources
2013-10-26 21:41:08,765 [Worker-2] INFO  o.e.m.j.i.AbstractJavaProjectConfigurator - Adding source folder /apis-example-resource-server/src/main/java
2013-10-26 21:41:08,765 [Worker-2] INFO  o.e.m.j.i.AbstractJavaProjectConfigurator - Adding resource folder /apis-example-resource-server/src/main/resources
2013-10-26 21:41:08,767 [Worker-2] INFO  o.e.m.j.i.AbstractJavaProjectConfigurator - Adding source folder /apis-example-resource-server/src/test/java
2013-10-26 21:41:08,904 [Worker-2] INFO  o.e.m.j.i.AbstractJavaProjectConfigurator - Adding source folder /apis-example-resource-server-war/src/main/java
2013-10-26 21:41:08,906 [Worker-2] INFO  o.e.m.j.i.AbstractJavaProjectConfigurator - Adding source folder /apis-example-resource-server-war/src/test/java
2013-10-26 21:41:08,906 [Worker-2] INFO  o.e.m.j.i.AbstractJavaProjectConfigurator - Adding resource folder /apis-example-resource-server-war/src/test/resources
2013-10-26 21:41:09,643 [Worker-2] INFO  o.e.m.j.i.AbstractJavaProjectConfigurator - Adding source folder /apis-example-client-app/src/main/java
2013-10-26 21:41:09,644 [Worker-2] INFO  o.e.m.j.i.AbstractJavaProjectConfigurator - Adding source folder /apis-example-client-app/src/test/java
2013-10-26 21:41:09,644 [Worker-2] INFO  o.e.m.j.i.AbstractJavaProjectConfigurator - Adding resource folder /apis-example-client-app/src/test/resources
2013-10-26 21:41:09,924 [Worker-2] INFO  o.e.m.c.i.p.ProjectConfigurationManager - Project import completed 12 sec
2013-10-26 21:41:10,953 [Worker-0] INFO  c.n.h.c.p.n.NettyAsyncHttpProvider - Number of application's worked threads is 8
2013-10-26 21:41:11,230 [New I/O client worker #7-1] INFO  o.e.m.c.i.e.AbstractTransferListenerAdapter - Downloaded https://build.surfconext.nl/repository/public/releases/org/mortbay/jetty/jetty-maven-plugin/8.1.4.v20120524/jetty-maven-plugin-8.1.4.v20120524.pom
2013-10-26 21:41:11,236 [Worker-0] INFO  c.n.h.c.p.n.NettyAsyncHttpProvider - Number of application's worked threads is 8
2013-10-26 21:41:11,362 [New I/O client worker #8-1] INFO  o.e.m.c.i.e.AbstractTransferListenerAdapter - Downloading http://repo.maven.apache.org/maven2/org/mortbay/jetty/jetty-maven-plugin/8.1.4.v20120524/jetty-maven-plugin-8.1.4.v20120524.pom
2013-10-26 21:41:11,368 [New I/O client worker #8-1] INFO  o.e.m.c.i.e.AbstractTransferListenerAdapter - Downloaded http://repo.maven.apache.org/maven2/org/mortbay/jetty/jetty-maven-plugin/8.1.4.v20120524/jetty-maven-plugin-8.1.4.v20120524.pom
2013-10-26 21:41:11,451 [Worker-0] INFO  c.n.h.c.p.n.NettyAsyncHttpProvider - Number of application's worked threads is 8
2013-10-26 21:41:11,711 [New I/O client worker #9-1] INFO  o.e.m.c.i.e.AbstractTransferListenerAdapter - Downloaded https://build.surfconext.nl/repository/public/releases/org/mortbay/jetty/jetty-integration-project/8.1.4.v20120524/jetty-integration-project-8.1.4.v20120524.pom
2013-10-26 21:41:11,718 [Worker-0] INFO  c.n.h.c.p.n.NettyAsyncHttpProvider - Number of application's worked threads is 8
2013-10-26 21:41:11,818 [New I/O client worker #10-1] INFO  o.e.m.c.i.e.AbstractTransferListenerAdapter - Downloading http://repo.maven.apache.org/maven2/org/mortbay/jetty/jetty-integration-project/8.1.4.v20120524/jetty-integration-project-8.1.4.v20120524.pom
2013-10-26 21:41:11,837 [New I/O client worker #10-1] INFO  o.e.m.c.i.e.AbstractTransferListenerAdapter - Downloaded http://repo.maven.apache.org/maven2/org/mortbay/jetty/jetty-integration-project/8.1.4.v20120524/jetty-integration-project-8.1.4.v20120524.pom
2013-10-26 21:41:11,917 [Worker-0] INFO  c.n.h.c.p.n.NettyAsyncHttpProvider - Number of application's worked threads is 8
2013-10-26 21:41:12,206 [New I/O client worker #11-1] INFO  o.e.m.c.i.e.AbstractTransferListenerAdapter - Downloaded https://build.surfconext.nl/repository/public/releases/org/mortbay/jetty/jetty-parent/13/jetty-parent-13.pom
2013-10-26 21:41:12,212 [Worker-0] INFO  c.n.h.c.p.n.NettyAsyncHttpProvider - Number of application's worked threads is 8
2013-10-26 21:41:12,345 [New I/O client worker #12-1] INFO  o.e.m.c.i.e.AbstractTransferListenerAdapter - Downloading http://repo.maven.apache.org/maven2/org/mortbay/jetty/jetty-parent/13/jetty-parent-13.pom
2013-10-26 21:41:12,355 [New I/O client worker #12-1] INFO  o.e.m.c.i.e.AbstractTransferListenerAdapter - Downloaded http://repo.maven.apache.org/maven2/org/mortbay/jetty/jetty-parent/13/jetty-parent-13.pom
2013-10-26 21:41:12,455 [Worker-0] INFO  c.n.h.c.p.n.NettyAsyncHttpProvider - Number of application's worked threads is 8
2013-10-26 21:41:12,699 [New I/O client worker #13-1] INFO  o.e.m.c.i.e.AbstractTransferListenerAdapter - Downloaded https://build.surfconext.nl/repository/public/releases/org/mortbay/jetty/jetty-maven-plugin/8.1.4.v20120524/jetty-maven-plugin-8.1.4.v20120524.jar
2013-10-26 21:41:12,704 [Worker-0] INFO  c.n.h.c.p.n.NettyAsyncHttpProvider - Number of application's worked threads is 8
2013-10-26 21:41:12,831 [New I/O client worker #14-1] INFO  o.e.m.c.i.e.AbstractTransferListenerAdapter - Downloading http://repo.maven.apache.org/maven2/org/mortbay/jetty/jetty-maven-plugin/8.1.4.v20120524/jetty-maven-plugin-8.1.4.v20120524.jar
2013-10-26 21:41:13,034 [New I/O client worker #14-1] INFO  o.e.m.c.i.e.AbstractTransferListenerAdapter - Downloaded http://repo.maven.apache.org/maven2/org/mortbay/jetty/jetty-maven-plugin/8.1.4.v20120524/jetty-maven-plugin-8.1.4.v20120524.jar
2013-10-26 21:41:13,750 [Worker-0] INFO  c.n.h.c.p.n.NettyAsyncHttpProvider - Number of application's worked threads is 8
2013-10-26 21:41:13,988 [New I/O client worker #15-1] INFO  o.e.m.c.i.e.AbstractTransferListenerAdapter - Downloaded https://build.surfconext.nl/repository/public/releases/org/apache/maven/plugins/maven-clean-plugin/2.4.1/maven-clean-plugin-2.4.1.pom
2013-10-26 21:41:13,991 [Worker-0] INFO  c.n.h.c.p.n.NettyAsyncHttpProvider - Number of application's worked threads is 8
2013-10-26 21:41:14,106 [New I/O client worker #16-1] INFO  o.e.m.c.i.e.AbstractTransferListenerAdapter - Downloading http://repo.maven.apache.org/maven2/org/apache/maven/plugins/maven-clean-plugin/2.4.1/maven-clean-plugin-2.4.1.pom
2013-10-26 21:41:14,107 [New I/O client worker #16-1] INFO  o.e.m.c.i.e.AbstractTransferListenerAdapter - Downloaded http://repo.maven.apache.org/maven2/org/apache/maven/plugins/maven-clean-plugin/2.4.1/maven-clean-plugin-2.4.1.pom
2013-10-26 21:41:24,198 [Worker-1] INFO  o.e.m.c.i.p.ProjectConfigurationManager - Update started
2013-10-26 21:41:24,201 [Worker-1] INFO  o.e.m.c.i.p.ProjectConfigurationManager - Update completed: 0 sec
2013-10-26 21:41:26,137 [Worker-3] INFO  o.e.m.c.i.l.LifecycleMappingFactory - Using org.maven.ide.eclipse.wtp.WarLifecycleMapping lifecycle mapping for MavenProject: nl.surfnet.apis:apis-openconext-mock-war:1.3.5-SNAPSHOT @ /home/emo/susi-oauth/apis/apis-openconext-mock-war/pom.xml.
2013-10-26 21:41:27,102 [Worker-3] INFO  o.e.m.c.i.embedder.EclipseLogger - Using 'UTF-8' encoding to copy filtered resources.
2013-10-26 21:41:27,102 [Worker-3] INFO  o.e.m.c.i.embedder.EclipseLogger - skip non existing resourceDirectory /home/emo/susi-oauth/apis/apis-openconext-mock-war/src/main/resources
2013-10-26 21:41:27,115 [Worker-3] INFO  o.e.m.c.i.embedder.EclipseLogger - Using 'UTF-8' encoding to copy filtered resources.
2013-10-26 21:41:27,116 [Worker-3] INFO  o.e.m.c.i.embedder.EclipseLogger - skip non existing resourceDirectory /home/emo/susi-oauth/apis/apis-openconext-mock-war/src/test/resources
2013-10-26 21:41:28,638 [Worker-7] INFO  o.e.m.c.i.l.LifecycleMappingFactory - Using org.eclipse.m2e.jdt.JarLifecycleMapping lifecycle mapping for MavenProject: nl.surfnet.apis:apis-resource-server-library:1.3.5-SNAPSHOT @ /home/emo/susi-oauth/apis/apis-resource-server-library/pom.xml.
2013-10-26 21:41:29,550 [Worker-7] INFO  o.e.m.c.i.embedder.EclipseLogger - Using 'UTF-8' encoding to copy filtered resources.
2013-10-26 21:41:29,550 [Worker-7] INFO  o.e.m.c.i.embedder.EclipseLogger - skip non existing resourceDirectory /home/emo/susi-oauth/apis/apis-resource-server-library/src/main/resources
2013-10-26 21:41:29,552 [Worker-7] INFO  o.e.m.c.i.embedder.EclipseLogger - Using 'UTF-8' encoding to copy filtered resources.
2013-10-26 21:41:29,552 [Worker-7] INFO  o.e.m.c.i.embedder.EclipseLogger - skip non existing resourceDirectory /home/emo/susi-oauth/apis/apis-resource-server-library/src/test/resources
2013-10-26 21:41:36,551 [Worker-8] INFO  o.e.m.c.i.l.LifecycleMappingFactory - Using org.maven.ide.eclipse.wtp.WarLifecycleMapping lifecycle mapping for MavenProject: nl.surfnet.apis:apis-example-client-app:1.3.5-SNAPSHOT @ /home/emo/susi-oauth/apis/apis-example-client-app/pom.xml.
2013-10-26 21:41:37,031 [Worker-8] INFO  o.e.m.c.i.embedder.EclipseLogger - Using 'UTF-8' encoding to copy filtered resources.
2013-10-26 21:41:37,032 [Worker-8] INFO  o.e.m.c.i.embedder.EclipseLogger - skip non existing resourceDirectory /home/emo/susi-oauth/apis/apis-example-client-app/src/main/resources
2013-10-26 21:41:37,033 [Worker-8] INFO  o.e.m.c.i.embedder.EclipseLogger - Using 'UTF-8' encoding to copy filtered resources.
2013-10-26 21:41:37,039 [Worker-8] INFO  o.e.m.c.i.embedder.EclipseLogger - Copying 1 resource
2013-10-26 21:41:38,122 [Worker-11] INFO  o.e.m.c.i.l.LifecycleMappingFactory - Using org.eclipse.m2e.jdt.JarLifecycleMapping lifecycle mapping for MavenProject: nl.surfnet.apis:apis-authorization-server:1.3.5-SNAPSHOT @ /home/emo/susi-oauth/apis/apis-authorization-server/pom.xml.
2013-10-26 21:41:38,617 [Worker-11] INFO  o.e.m.c.i.embedder.EclipseLogger - Using 'UTF-8' encoding to copy filtered resources.
2013-10-26 21:41:38,618 [Worker-11] INFO  o.e.m.c.i.embedder.EclipseLogger - Copying 1 resource
2013-10-26 21:41:38,619 [Worker-11] INFO  o.e.m.c.i.embedder.EclipseLogger - Using 'UTF-8' encoding to copy filtered resources.
2013-10-26 21:41:38,621 [Worker-11] INFO  o.e.m.c.i.embedder.EclipseLogger - Copying 4 resources
2013-10-26 21:41:38,730 [Worker-11] INFO  o.e.m.c.i.l.LifecycleMappingFactory - Using org.maven.ide.eclipse.wtp.WarLifecycleMapping lifecycle mapping for MavenProject: nl.surfnet.apis:apis-example-resource-server-war:1.3.5-SNAPSHOT @ /home/emo/susi-oauth/apis/apis-example-resource-server-war/pom.xml.
2013-10-26 21:41:39,384 [Worker-11] INFO  o.e.m.c.i.embedder.EclipseLogger - Using 'UTF-8' encoding to copy filtered resources.
2013-10-26 21:41:39,384 [Worker-11] INFO  o.e.m.c.i.embedder.EclipseLogger - skip non existing resourceDirectory /home/emo/susi-oauth/apis/apis-example-resource-server-war/src/main/resources
2013-10-26 21:41:39,386 [Worker-11] INFO  o.e.m.c.i.embedder.EclipseLogger - Using 'UTF-8' encoding to copy filtered resources.
2013-10-26 21:41:39,387 [Worker-11] INFO  o.e.m.c.i.embedder.EclipseLogger - Copying 1 resource
2013-10-26 21:41:40,329 [Worker-15] INFO  o.e.m.c.i.embedder.EclipseLogger - Using 'UTF-8' encoding to copy filtered resources.
2013-10-26 21:41:40,331 [Worker-15] INFO  o.e.m.c.i.embedder.EclipseLogger - Copying 0 resource
2013-10-26 21:41:40,333 [Worker-15] INFO  o.e.m.c.i.embedder.EclipseLogger - Using 'UTF-8' encoding to copy filtered resources.
2013-10-26 21:41:40,338 [Worker-15] INFO  o.e.m.c.i.embedder.EclipseLogger - Copying 4 resources
2013-10-26 21:41:40,780 [Worker-22] INFO  o.e.m.c.i.l.LifecycleMappingFactory - Using org.eclipse.m2e.jdt.JarLifecycleMapping lifecycle mapping for MavenProject: nl.surfnet.apis:apis-surfconext-authn:1.3.5-SNAPSHOT @ /home/emo/susi-oauth/apis/apis-surfconext-authn/pom.xml.
2013-10-26 21:41:41,244 [Worker-22] INFO  o.e.m.c.i.embedder.EclipseLogger - Using 'UTF-8' encoding to copy filtered resources.
2013-10-26 21:41:41,244 [Worker-22] INFO  o.e.m.c.i.embedder.EclipseLogger - skip non existing resourceDirectory /home/emo/susi-oauth/apis/apis-surfconext-authn/src/main/resources
2013-10-26 21:41:41,246 [Worker-22] INFO  o.e.m.c.i.embedder.EclipseLogger - Using 'UTF-8' encoding to copy filtered resources.
2013-10-26 21:41:41,246 [Worker-22] INFO  o.e.m.c.i.embedder.EclipseLogger - skip non existing resourceDirectory /home/emo/susi-oauth/apis/apis-surfconext-authn/src/test/resources
2013-10-26 21:41:41,388 [Worker-22] INFO  o.e.m.c.i.l.LifecycleMappingFactory - Using org.eclipse.m2e.jdt.JarLifecycleMapping lifecycle mapping for MavenProject: nl.surfnet.apis:apis-example-resource-server:1.3.5-SNAPSHOT @ /home/emo/susi-oauth/apis/apis-example-resource-server/pom.xml.
2013-10-26 21:41:41,972 [Worker-22] INFO  o.e.m.c.i.embedder.EclipseLogger - Using 'UTF-8' encoding to copy filtered resources.
2013-10-26 21:41:41,972 [Worker-22] INFO  o.e.m.c.i.embedder.EclipseLogger - Copying 1 resource
2013-10-26 21:41:41,977 [Worker-22] INFO  o.e.m.c.i.embedder.EclipseLogger - Using 'UTF-8' encoding to copy filtered resources.
2013-10-26 21:41:41,977 [Worker-22] INFO  o.e.m.c.i.embedder.EclipseLogger - skip non existing resourceDirectory /home/emo/susi-oauth/apis/apis-example-resource-server/src/test/resources
2013-10-26 21:41:44,420 [Worker-15] INFO  o.e.m.c.i.l.LifecycleMappingFactory - Using org.maven.ide.eclipse.wtp.WarLifecycleMapping lifecycle mapping for MavenProject: nl.surfnet.apis:apis-authorization-server-war:1.3.5-SNAPSHOT @ /home/emo/susi-oauth/apis/apis-authorization-server-war/pom.xml.
2013-10-26 21:41:45,322 [Worker-15] INFO  o.e.m.c.i.embedder.EclipseLogger - Using 'UTF-8' encoding to copy filtered resources.
2013-10-26 21:41:45,326 [Worker-15] INFO  o.e.m.c.i.embedder.EclipseLogger - Copying 5 resources
2013-10-26 21:41:45,330 [Worker-15] INFO  o.e.m.c.i.embedder.EclipseLogger - Using 'UTF-8' encoding to copy filtered resources.
2013-10-26 21:41:45,333 [Worker-15] INFO  o.e.m.c.i.embedder.EclipseLogger - Copying 7 resources
2013-10-26 21:41:50,414 [Worker-1] INFO  o.e.m.c.i.embedder.EclipseLogger - Using 'UTF-8' encoding to copy filtered resources.
2013-10-26 21:41:50,416 [Worker-1] INFO  o.e.m.c.i.embedder.EclipseLogger - Copying 5 resources
2013-10-26 21:41:50,419 [Worker-1] INFO  o.e.m.c.i.embedder.EclipseLogger - Using 'UTF-8' encoding to copy filtered resources.
2013-10-26 21:41:50,419 [Worker-1] INFO  o.e.m.c.i.embedder.EclipseLogger - Copying 0 resource
2013-10-26 22:10:37,086 [Worker-23] INFO  o.e.m.c.i.embedder.EclipseLogger - Using 'UTF-8' encoding to copy filtered resources.
2013-10-26 22:10:37,086 [Worker-23] INFO  o.e.m.c.i.embedder.EclipseLogger - skip non existing resourceDirectory /home/emo/susi-oauth/apis/apis-resource-server-library/src/main/resources
2013-10-26 22:10:37,089 [Worker-23] INFO  o.e.m.c.i.embedder.EclipseLogger - Using 'UTF-8' encoding to copy filtered resources.
2013-10-26 22:10:37,089 [Worker-23] INFO  o.e.m.c.i.embedder.EclipseLogger - skip non existing resourceDirectory /home/emo/susi-oauth/apis/apis-resource-server-library/src/test/resources
2013-10-26 22:10:40,890 [Worker-26] INFO  o.e.m.c.i.embedder.EclipseLogger - Using 'UTF-8' encoding to copy filtered resources.
2013-10-26 22:10:40,890 [Worker-26] INFO  o.e.m.c.i.embedder.EclipseLogger - skip non existing resourceDirectory /home/emo/susi-oauth/apis/apis-resource-server-library/src/main/resources
2013-10-26 22:10:40,892 [Worker-26] INFO  o.e.m.c.i.embedder.EclipseLogger - Using 'UTF-8' encoding to copy filtered resources.
2013-10-26 22:10:40,892 [Worker-26] INFO  o.e.m.c.i.embedder.EclipseLogger - skip non existing resourceDirectory /home/emo/susi-oauth/apis/apis-resource-server-library/src/test/resources
2013-10-26 23:05:32,572 [Worker-31] INFO  o.e.m.c.i.embedder.EclipseLogger - Using 'UTF-8' encoding to copy filtered resources.
2013-10-26 23:05:32,572 [Worker-31] INFO  o.e.m.c.i.embedder.EclipseLogger - skip non existing resourceDirectory /home/emo/susi-oauth/apis/apis-example-resource-server-war/src/main/resources
2013-10-26 23:05:32,574 [Worker-31] INFO  o.e.m.c.i.embedder.EclipseLogger - Using 'UTF-8' encoding to copy filtered resources.
2013-10-26 23:05:32,574 [Worker-31] INFO  o.e.m.c.i.embedder.EclipseLogger - skip non existing resourceDirectory /home/emo/susi-oauth/apis/apis-example-resource-server-war/src/test/resources
2013-10-26 23:05:32,645 [Worker-31] ERROR o.e.m.e.x.i.MarkerLocationService - null
org.eclipse.jface.text.BadLocationException: null
	at org.eclipse.jface.text.ListLineTracker.getLineOffset(ListLineTracker.java:201) ~[na:na]
	at org.eclipse.jface.text.AbstractLineTracker.getLineOffset(AbstractLineTracker.java:169) ~[na:na]
	at org.eclipse.wst.sse.core.internal.text.BasicStructuredDocument.getLineOffset(BasicStructuredDocument.java:1495) ~[na:na]
	at org.eclipse.m2e.editor.xml.internal.MarkerLocationService.findLocationForMarker(MarkerLocationService.java:105) ~[na:na]
	at org.eclipse.m2e.core.internal.markers.MarkerUtils.decorateMarker(MarkerUtils.java:45) [org.eclipse.m2e.core_1.4.0.20130601-0317.jar:na]
	at org.eclipse.m2e.core.internal.markers.MavenMarkerManager.addErrorMarker(MavenMarkerManager.java:301) [org.eclipse.m2e.core_1.4.0.20130601-0317.jar:na]
	at org.eclipse.m2e.core.internal.builder.MavenBuilderImpl.processBuildResults(MavenBuilderImpl.java:319) [org.eclipse.m2e.core_1.4.0.20130601-0317.jar:na]
	at org.eclipse.m2e.core.internal.builder.MavenBuilderImpl.build(MavenBuilderImpl.java:177) [org.eclipse.m2e.core_1.4.0.20130601-0317.jar:na]
	at org.eclipse.m2e.core.internal.builder.MavenBuilder$1$1.call(MavenBuilder.java:117) [org.eclipse.m2e.core_1.4.0.20130601-0317.jar:na]
	at org.eclipse.m2e.core.internal.builder.MavenBuilder$1$1.call(MavenBuilder.java:1) [org.eclipse.m2e.core_1.4.0.20130601-0317.jar:na]
	at org.eclipse.m2e.core.internal.embedder.MavenExecutionContext.executeBare(MavenExecutionContext.java:161) [org.eclipse.m2e.core_1.4.0.20130601-0317.jar:na]
	at org.eclipse.m2e.core.internal.embedder.MavenExecutionContext.execute(MavenExecutionContext.java:137) [org.eclipse.m2e.core_1.4.0.20130601-0317.jar:na]
	at org.eclipse.m2e.core.internal.project.registry.MavenProjectManager.execute(MavenProjectManager.java:121) [org.eclipse.m2e.core_1.4.0.20130601-0317.jar:na]
	at org.eclipse.m2e.core.internal.builder.MavenBuilder$1.call(MavenBuilder.java:98) [org.eclipse.m2e.core_1.4.0.20130601-0317.jar:na]
	at org.eclipse.m2e.core.internal.builder.MavenBuilder$1.call(MavenBuilder.java:1) [org.eclipse.m2e.core_1.4.0.20130601-0317.jar:na]
	at org.eclipse.m2e.core.internal.embedder.MavenExecutionContext.executeBare(MavenExecutionContext.java:161) [org.eclipse.m2e.core_1.4.0.20130601-0317.jar:na]
	at org.eclipse.m2e.core.internal.embedder.MavenExecutionContext.execute(MavenExecutionContext.java:137) [org.eclipse.m2e.core_1.4.0.20130601-0317.jar:na]
	at org.eclipse.m2e.core.internal.embedder.MavenExecutionContext.execute(MavenExecutionContext.java:89) [org.eclipse.m2e.core_1.4.0.20130601-0317.jar:na]
	at org.eclipse.m2e.core.internal.embedder.MavenImpl.execute(MavenImpl.java:1305) [org.eclipse.m2e.core_1.4.0.20130601-0317.jar:na]
	at org.eclipse.m2e.core.internal.builder.MavenBuilder.build(MavenBuilder.java:89) [org.eclipse.m2e.core_1.4.0.20130601-0317.jar:na]
	at org.eclipse.core.internal.events.BuildManager$2.run(BuildManager.java:733) [org.eclipse.core.resources_3.8.101.v20130717-0806.jar:na]
	at org.eclipse.core.runtime.SafeRunner.run(SafeRunner.java:42) [org.eclipse.equinox.common_3.6.200.v20130402-1505.jar:na]
	at org.eclipse.core.internal.events.BuildManager.basicBuild(BuildManager.java:206) [org.eclipse.core.resources_3.8.101.v20130717-0806.jar:na]
	at org.eclipse.core.internal.events.BuildManager.basicBuild(BuildManager.java:246) [org.eclipse.core.resources_3.8.101.v20130717-0806.jar:na]
	at org.eclipse.core.internal.events.BuildManager$1.run(BuildManager.java:299) [org.eclipse.core.resources_3.8.101.v20130717-0806.jar:na]
	at org.eclipse.core.runtime.SafeRunner.run(SafeRunner.java:42) [org.eclipse.equinox.common_3.6.200.v20130402-1505.jar:na]
	at org.eclipse.core.internal.events.BuildManager.basicBuild(BuildManager.java:302) [org.eclipse.core.resources_3.8.101.v20130717-0806.jar:na]
	at org.eclipse.core.internal.events.BuildManager.basicBuildLoop(BuildManager.java:358) [org.eclipse.core.resources_3.8.101.v20130717-0806.jar:na]
	at org.eclipse.core.internal.events.BuildManager.build(BuildManager.java:381) [org.eclipse.core.resources_3.8.101.v20130717-0806.jar:na]
	at org.eclipse.core.internal.events.AutoBuildJob.doBuild(AutoBuildJob.java:143) [org.eclipse.core.resources_3.8.101.v20130717-0806.jar:na]
	at org.eclipse.core.internal.events.AutoBuildJob.run(AutoBuildJob.java:241) [org.eclipse.core.resources_3.8.101.v20130717-0806.jar:na]
	at org.eclipse.core.internal.jobs.Worker.run(Worker.java:53) [org.eclipse.core.jobs_3.5.300.v20130429-1813.jar:na]
2013-10-26 23:06:03,353 [Worker-31] INFO  o.e.m.c.i.l.LifecycleMappingFactory - Using org.eclipse.m2e.jdt.JarLifecycleMapping lifecycle mapping for MavenProject: nl.surfnet.apis:apis-resource-server-library:1.3.5-SNAPSHOT @ /home/emo/susi-oauth/apis/apis-resource-server-library/pom.xml.
2013-10-26 23:06:03,490 [Worker-31] INFO  o.e.m.c.i.l.LifecycleMappingFactory - Using org.eclipse.m2e.jdt.JarLifecycleMapping lifecycle mapping for MavenProject: nl.surfnet.apis:susi-resource-server:1.3.5-SNAPSHOT @ /home/emo/susi-oauth/apis/susi-resource-server/pom.xml.
2013-10-26 23:06:03,749 [Worker-31] INFO  o.e.m.c.i.l.LifecycleMappingFactory - Using org.eclipse.m2e.jdt.JarLifecycleMapping lifecycle mapping for MavenProject: nl.surfnet.apis:apis-authorization-server:1.3.5-SNAPSHOT @ /home/emo/susi-oauth/apis/apis-authorization-server/pom.xml.
2013-10-26 23:06:03,804 [Worker-31] INFO  o.e.m.c.i.l.LifecycleMappingFactory - Using org.maven.ide.eclipse.wtp.WarLifecycleMapping lifecycle mapping for MavenProject: nl.surfnet.apis:apis-authorization-server-war:1.3.5-SNAPSHOT @ /home/emo/susi-oauth/apis/apis-authorization-server-war/pom.xml.
2013-10-26 23:06:03,908 [Worker-31] INFO  o.e.m.c.i.l.LifecycleMappingFactory - Using org.eclipse.m2e.jdt.JarLifecycleMapping lifecycle mapping for MavenProject: nl.surfnet.apis:apis-surfconext-authn:1.3.5-SNAPSHOT @ /home/emo/susi-oauth/apis/apis-surfconext-authn/pom.xml.
2013-10-26 23:06:03,943 [Worker-31] INFO  o.e.m.c.i.l.LifecycleMappingFactory - Using org.maven.ide.eclipse.wtp.WarLifecycleMapping lifecycle mapping for MavenProject: nl.surfnet.apis:susi-resource-server-war:1.3.5-SNAPSHOT @ /home/emo/susi-oauth/apis/susi-resource-server-war/pom.xml.
2013-10-26 23:06:03,971 [Worker-31] INFO  o.e.m.c.i.l.LifecycleMappingFactory - Using org.maven.ide.eclipse.wtp.WarLifecycleMapping lifecycle mapping for MavenProject: nl.surfnet.apis:apis-example-client-app:1.3.5-SNAPSHOT @ /home/emo/susi-oauth/apis/apis-example-client-app/pom.xml.
2013-10-26 23:06:03,988 [Worker-31] INFO  o.e.m.c.i.l.LifecycleMappingFactory - Using org.maven.ide.eclipse.wtp.WarLifecycleMapping lifecycle mapping for MavenProject: nl.surfnet.apis:apis-openconext-mock-war:1.3.5-SNAPSHOT @ /home/emo/susi-oauth/apis/apis-openconext-mock-war/pom.xml.
2013-10-26 23:06:05,678 [Worker-31] INFO  o.e.m.j.i.AbstractJavaProjectConfigurator - Adding source folder /apis-resource-server-library/src/main/java
2013-10-26 23:06:05,678 [Worker-31] INFO  o.e.m.j.i.AbstractJavaProjectConfigurator - Adding source folder /apis-resource-server-library/src/test/java
2013-10-26 23:06:05,767 [Worker-31] INFO  o.e.m.j.i.AbstractJavaProjectConfigurator - Adding source folder /apis-authorization-server/src/main/java
2013-10-26 23:06:05,767 [Worker-31] INFO  o.e.m.j.i.AbstractJavaProjectConfigurator - Adding resource folder /apis-authorization-server/src/main/resources
2013-10-26 23:06:05,768 [Worker-31] INFO  o.e.m.j.i.AbstractJavaProjectConfigurator - Adding source folder /apis-authorization-server/src/test/java
2013-10-26 23:06:05,768 [Worker-31] INFO  o.e.m.j.i.AbstractJavaProjectConfigurator - Adding resource folder /apis-authorization-server/src/test/resources
2013-10-26 23:06:05,869 [Worker-31] INFO  o.e.m.j.i.AbstractJavaProjectConfigurator - Adding source folder /apis-surfconext-authn/src/main/java
2013-10-26 23:06:05,869 [Worker-31] INFO  o.e.m.j.i.AbstractJavaProjectConfigurator - Adding source folder /apis-surfconext-authn/src/test/java
2013-10-26 23:06:05,971 [Worker-31] INFO  o.e.m.j.i.AbstractJavaProjectConfigurator - Adding source folder /apis-openconext-mock-war/src/main/java
2013-10-26 23:06:05,972 [Worker-31] INFO  o.e.m.j.i.AbstractJavaProjectConfigurator - Adding source folder /apis-openconext-mock-war/src/test/java
2013-10-26 23:06:06,176 [Worker-36] INFO  o.e.m.c.i.l.LifecycleMappingFactory - Using org.eclipse.m2e.jdt.JarLifecycleMapping lifecycle mapping for MavenProject: nl.surfnet.apis:apis-resource-server-library:1.3.5-SNAPSHOT @ /home/emo/susi-oauth/apis/apis-resource-server-library/pom.xml.
2013-10-26 23:06:06,248 [Worker-31] INFO  o.e.m.j.i.AbstractJavaProjectConfigurator - Adding source folder /apis-authorization-server-war/src/main/java
2013-10-26 23:06:06,248 [Worker-31] INFO  o.e.m.j.i.AbstractJavaProjectConfigurator - Adding resource folder /apis-authorization-server-war/src/main/resources
2013-10-26 23:06:06,249 [Worker-31] INFO  o.e.m.j.i.AbstractJavaProjectConfigurator - Adding source folder /apis-authorization-server-war/src/test/java
2013-10-26 23:06:06,250 [Worker-31] INFO  o.e.m.j.i.AbstractJavaProjectConfigurator - Adding resource folder /apis-authorization-server-war/src/test/resources
2013-10-26 23:06:06,415 [Worker-36] INFO  o.e.m.c.i.l.LifecycleMappingFactory - Using org.eclipse.m2e.jdt.JarLifecycleMapping lifecycle mapping for MavenProject: nl.surfnet.apis:apis-authorization-server:1.3.5-SNAPSHOT @ /home/emo/susi-oauth/apis/apis-authorization-server/pom.xml.
2013-10-26 23:06:06,796 [Worker-36] INFO  o.e.m.c.i.l.LifecycleMappingFactory - Using org.maven.ide.eclipse.wtp.WarLifecycleMapping lifecycle mapping for MavenProject: nl.surfnet.apis:apis-authorization-server-war:1.3.5-SNAPSHOT @ /home/emo/susi-oauth/apis/apis-authorization-server-war/pom.xml.
2013-10-26 23:06:07,043 [Worker-31] INFO  o.e.m.j.i.AbstractJavaProjectConfigurator - Adding source folder /susi-resource-server-war/src/main/java
2013-10-26 23:06:07,045 [Worker-31] INFO  o.e.m.j.i.AbstractJavaProjectConfigurator - Adding source folder /susi-resource-server-war/src/test/java
2013-10-26 23:06:07,045 [Worker-31] INFO  o.e.m.j.i.AbstractJavaProjectConfigurator - Adding resource folder /susi-resource-server-war/src/test/resources
2013-10-26 23:06:07,342 [Worker-36] INFO  o.e.m.c.i.l.LifecycleMappingFactory - Using org.eclipse.m2e.jdt.JarLifecycleMapping lifecycle mapping for MavenProject: nl.surfnet.apis:apis-surfconext-authn:1.3.5-SNAPSHOT @ /home/emo/susi-oauth/apis/apis-surfconext-authn/pom.xml.
2013-10-26 23:06:07,407 [Worker-31] INFO  o.e.m.j.i.AbstractJavaProjectConfigurator - Adding source folder /susi-resource-server/src/main/java
2013-10-26 23:06:07,408 [Worker-31] INFO  o.e.m.j.i.AbstractJavaProjectConfigurator - Adding resource folder /susi-resource-server/src/main/resources
2013-10-26 23:06:07,409 [Worker-31] INFO  o.e.m.j.i.AbstractJavaProjectConfigurator - Adding source folder /susi-resource-server/src/test/java
2013-10-26 23:06:07,516 [Worker-31] INFO  o.e.m.j.i.AbstractJavaProjectConfigurator - Adding source folder /apis-example-client-app/src/main/java
2013-10-26 23:06:07,517 [Worker-31] INFO  o.e.m.j.i.AbstractJavaProjectConfigurator - Adding source folder /apis-example-client-app/src/test/java
2013-10-26 23:06:07,517 [Worker-31] INFO  o.e.m.j.i.AbstractJavaProjectConfigurator - Adding resource folder /apis-example-client-app/src/test/resources
2013-10-26 23:06:07,701 [Worker-31] INFO  o.e.m.c.i.p.ProjectConfigurationManager - Project import completed 4 sec
2013-10-26 23:06:08,248 [Worker-36] INFO  o.e.m.c.i.l.LifecycleMappingFactory - Using org.maven.ide.eclipse.wtp.WarLifecycleMapping lifecycle mapping for MavenProject: nl.surfnet.apis:apis-example-client-app:1.3.5-SNAPSHOT @ /home/emo/susi-oauth/apis/apis-example-client-app/pom.xml.
2013-10-26 23:06:08,482 [Worker-36] INFO  o.e.m.c.i.l.LifecycleMappingFactory - Using org.maven.ide.eclipse.wtp.WarLifecycleMapping lifecycle mapping for MavenProject: nl.surfnet.apis:apis-openconext-mock-war:1.3.5-SNAPSHOT @ /home/emo/susi-oauth/apis/apis-openconext-mock-war/pom.xml.
2013-10-26 23:06:08,643 [Worker-36] INFO  o.e.m.c.i.l.LifecycleMappingFactory - Using org.eclipse.m2e.jdt.JarLifecycleMapping lifecycle mapping for MavenProject: nl.surfnet.apis:susi-resource-server:1.3.5-SNAPSHOT @ /home/emo/susi-oauth/apis/susi-resource-server/pom.xml.
2013-10-26 23:06:09,223 [Worker-36] INFO  o.e.m.c.i.l.LifecycleMappingFactory - Using org.maven.ide.eclipse.wtp.WarLifecycleMapping lifecycle mapping for MavenProject: nl.surfnet.apis:susi-resource-server-war:1.3.5-SNAPSHOT @ /home/emo/susi-oauth/apis/susi-resource-server-war/pom.xml.
2013-10-26 23:06:11,843 [Worker-43] INFO  o.e.m.c.i.p.ProjectConfigurationManager - Update started
2013-10-26 23:06:11,847 [Worker-43] INFO  o.e.m.c.i.p.ProjectConfigurationManager - Update completed: 0 sec
2013-10-26 23:06:13,274 [Worker-41] INFO  o.e.m.c.i.embedder.EclipseLogger - Using 'UTF-8' encoding to copy filtered resources.
2013-10-26 23:06:13,275 [Worker-41] INFO  o.e.m.c.i.embedder.EclipseLogger - skip non existing resourceDirectory /home/emo/susi-oauth/apis/apis-openconext-mock-war/src/main/resources
2013-10-26 23:06:13,277 [Worker-41] INFO  o.e.m.c.i.embedder.EclipseLogger - Using 'UTF-8' encoding to copy filtered resources.
2013-10-26 23:06:13,277 [Worker-41] INFO  o.e.m.c.i.embedder.EclipseLogger - skip non existing resourceDirectory /home/emo/susi-oauth/apis/apis-openconext-mock-war/src/test/resources
2013-10-26 23:06:13,423 [Worker-41] INFO  o.e.m.c.i.embedder.EclipseLogger - Using 'UTF-8' encoding to copy filtered resources.
2013-10-26 23:06:13,424 [Worker-41] INFO  o.e.m.c.i.embedder.EclipseLogger - skip non existing resourceDirectory /home/emo/susi-oauth/apis/apis-resource-server-library/src/main/resources
2013-10-26 23:06:13,425 [Worker-41] INFO  o.e.m.c.i.embedder.EclipseLogger - Using 'UTF-8' encoding to copy filtered resources.
2013-10-26 23:06:13,426 [Worker-41] INFO  o.e.m.c.i.embedder.EclipseLogger - skip non existing resourceDirectory /home/emo/susi-oauth/apis/apis-resource-server-library/src/test/resources
2013-10-26 23:06:14,101 [Worker-41] INFO  o.e.m.c.i.embedder.EclipseLogger - Using 'UTF-8' encoding to copy filtered resources.
2013-10-26 23:06:14,102 [Worker-41] INFO  o.e.m.c.i.embedder.EclipseLogger - skip non existing resourceDirectory /home/emo/susi-oauth/apis/apis-example-client-app/src/main/resources
2013-10-26 23:06:14,104 [Worker-41] INFO  o.e.m.c.i.embedder.EclipseLogger - Using 'UTF-8' encoding to copy filtered resources.
2013-10-26 23:06:14,105 [Worker-41] INFO  o.e.m.c.i.embedder.EclipseLogger - Copying 1 resource
2013-10-26 23:06:14,748 [Worker-30] INFO  o.e.m.c.i.embedder.EclipseLogger - Using 'UTF-8' encoding to copy filtered resources.
2013-10-26 23:06:14,748 [Worker-30] INFO  o.e.m.c.i.embedder.EclipseLogger - Copying 1 resource
2013-10-26 23:06:14,750 [Worker-30] INFO  o.e.m.c.i.embedder.EclipseLogger - Using 'UTF-8' encoding to copy filtered resources.
2013-10-26 23:06:14,751 [Worker-30] INFO  o.e.m.c.i.embedder.EclipseLogger - Copying 4 resources
2013-10-26 23:06:15,250 [Worker-34] INFO  o.e.m.c.i.embedder.EclipseLogger - Using 'UTF-8' encoding to copy filtered resources.
2013-10-26 23:06:15,250 [Worker-34] INFO  o.e.m.c.i.embedder.EclipseLogger - Copying 0 resource
2013-10-26 23:06:15,252 [Worker-34] INFO  o.e.m.c.i.embedder.EclipseLogger - Using 'UTF-8' encoding to copy filtered resources.
2013-10-26 23:06:15,254 [Worker-34] INFO  o.e.m.c.i.embedder.EclipseLogger - Copying 4 resources
2013-10-26 23:06:15,385 [Worker-34] INFO  o.e.m.c.i.embedder.EclipseLogger - Using 'UTF-8' encoding to copy filtered resources.
2013-10-26 23:06:15,385 [Worker-34] INFO  o.e.m.c.i.embedder.EclipseLogger - skip non existing resourceDirectory /home/emo/susi-oauth/apis/apis-surfconext-authn/src/main/resources
2013-10-26 23:06:15,387 [Worker-34] INFO  o.e.m.c.i.embedder.EclipseLogger - Using 'UTF-8' encoding to copy filtered resources.
2013-10-26 23:06:15,387 [Worker-34] INFO  o.e.m.c.i.embedder.EclipseLogger - skip non existing resourceDirectory /home/emo/susi-oauth/apis/apis-surfconext-authn/src/test/resources
2013-10-26 23:06:16,318 [Worker-34] INFO  o.e.m.c.i.embedder.EclipseLogger - Using 'UTF-8' encoding to copy filtered resources.
2013-10-26 23:06:16,320 [Worker-34] INFO  o.e.m.c.i.embedder.EclipseLogger - Copying 5 resources
2013-10-26 23:06:16,326 [Worker-34] INFO  o.e.m.c.i.embedder.EclipseLogger - Using 'UTF-8' encoding to copy filtered resources.
2013-10-26 23:06:16,327 [Worker-34] INFO  o.e.m.c.i.embedder.EclipseLogger - Copying 7 resources
2013-10-26 23:06:16,389 [Worker-34] INFO  o.e.m.c.i.embedder.EclipseLogger - Using 'UTF-8' encoding to copy filtered resources.
2013-10-26 23:06:16,390 [Worker-34] INFO  o.e.m.c.i.embedder.EclipseLogger - Copying 1 resource
2013-10-26 23:06:16,391 [Worker-34] INFO  o.e.m.c.i.embedder.EclipseLogger - Using 'UTF-8' encoding to copy filtered resources.
2013-10-26 23:06:16,391 [Worker-34] INFO  o.e.m.c.i.embedder.EclipseLogger - skip non existing resourceDirectory /home/emo/susi-oauth/apis/susi-resource-server/src/test/resources
2013-10-26 23:06:16,440 [Worker-34] INFO  o.e.m.c.i.embedder.EclipseLogger - Using 'UTF-8' encoding to copy filtered resources.
2013-10-26 23:06:16,440 [Worker-34] INFO  o.e.m.c.i.embedder.EclipseLogger - skip non existing resourceDirectory /home/emo/susi-oauth/apis/susi-resource-server-war/src/main/resources
2013-10-26 23:06:16,441 [Worker-34] INFO  o.e.m.c.i.embedder.EclipseLogger - Using 'UTF-8' encoding to copy filtered resources.
2013-10-26 23:06:16,442 [Worker-34] INFO  o.e.m.c.i.embedder.EclipseLogger - Copying 1 resource
2013-10-26 23:06:21,125 [Worker-26] INFO  o.e.m.c.i.embedder.EclipseLogger - Using 'UTF-8' encoding to copy filtered resources.
2013-10-26 23:06:21,127 [Worker-26] INFO  o.e.m.c.i.embedder.EclipseLogger - Copying 5 resources
2013-10-26 23:06:21,129 [Worker-26] INFO  o.e.m.c.i.embedder.EclipseLogger - Using 'UTF-8' encoding to copy filtered resources.
2013-10-26 23:06:21,129 [Worker-26] INFO  o.e.m.c.i.embedder.EclipseLogger - Copying 0 resource
2013-10-26 23:57:34,575 [Worker-37] INFO  o.e.m.c.i.embedder.EclipseLogger - Using 'UTF-8' encoding to copy filtered resources.
2013-10-26 23:57:34,576 [Worker-37] INFO  o.e.m.c.i.embedder.EclipseLogger - Copying 0 resource
2013-10-26 23:57:34,577 [Worker-37] INFO  o.e.m.c.i.embedder.EclipseLogger - Using 'UTF-8' encoding to copy filtered resources.
2013-10-26 23:57:34,579 [Worker-37] INFO  o.e.m.c.i.embedder.EclipseLogger - Copying 1 resource
2013-10-27 01:36:12,583 [Worker-52] INFO  o.e.m.c.i.embedder.EclipseLogger - Using 'UTF-8' encoding to copy filtered resources.
2013-10-27 01:36:12,584 [Worker-52] INFO  o.e.m.c.i.embedder.EclipseLogger - Copying 0 resource
2013-10-27 01:36:12,585 [Worker-52] INFO  o.e.m.c.i.embedder.EclipseLogger - Using 'UTF-8' encoding to copy filtered resources.
2013-10-27 01:36:12,585 [Worker-52] INFO  o.e.m.c.i.embedder.EclipseLogger - Copying 0 resource
2013-10-27 10:46:49,032 [Worker-3] INFO  o.e.m.c.i.l.LifecycleMappingFactory - Using org.eclipse.m2e.jdt.JarLifecycleMapping lifecycle mapping for MavenProject: nl.surfnet.apis:apis-authorization-server:1.3.5-SNAPSHOT @ /home/emo/susi-oauth/apis/apis-authorization-server/pom.xml.
2013-10-27 10:47:01,968 [Worker-3] INFO  o.e.m.c.i.l.LifecycleMappingFactory - Using org.maven.ide.eclipse.wtp.WarLifecycleMapping lifecycle mapping for MavenProject: nl.surfnet.apis:apis-authorization-server-war:1.3.5-SNAPSHOT @ /home/emo/susi-oauth/apis/apis-authorization-server-war/pom.xml.
2013-10-27 10:47:07,131 [Worker-3] INFO  o.e.m.c.i.l.LifecycleMappingFactory - Using org.maven.ide.eclipse.wtp.WarLifecycleMapping lifecycle mapping for MavenProject: nl.surfnet.apis:apis-example-client-app:1.3.5-SNAPSHOT @ /home/emo/susi-oauth/apis/apis-example-client-app/pom.xml.
2013-10-27 10:47:07,268 [Worker-3] INFO  o.e.m.c.i.l.LifecycleMappingFactory - Using org.maven.ide.eclipse.wtp.WarLifecycleMapping lifecycle mapping for MavenProject: nl.surfnet.apis:apis-openconext-mock-war:1.3.5-SNAPSHOT @ /home/emo/susi-oauth/apis/apis-openconext-mock-war/pom.xml.
2013-10-27 10:47:07,331 [Worker-3] INFO  o.e.m.c.i.l.LifecycleMappingFactory - Using org.eclipse.m2e.jdt.JarLifecycleMapping lifecycle mapping for MavenProject: nl.surfnet.apis:apis-resource-server-library:1.3.5-SNAPSHOT @ /home/emo/susi-oauth/apis/apis-resource-server-library/pom.xml.
2013-10-27 10:47:07,646 [Worker-3] INFO  o.e.m.c.i.l.LifecycleMappingFactory - Using org.eclipse.m2e.jdt.JarLifecycleMapping lifecycle mapping for MavenProject: nl.surfnet.apis:apis-surfconext-authn:1.3.5-SNAPSHOT @ /home/emo/susi-oauth/apis/apis-surfconext-authn/pom.xml.
2013-10-27 10:47:07,826 [Worker-3] INFO  o.e.m.c.i.l.LifecycleMappingFactory - Using org.eclipse.m2e.jdt.JarLifecycleMapping lifecycle mapping for MavenProject: nl.surfnet.apis:susi-resource-server:1.3.5-SNAPSHOT @ /home/emo/susi-oauth/apis/susi-resource-server/pom.xml.
2013-10-27 10:47:07,928 [Worker-7] INFO  o.e.m.c.i.l.LifecycleMappingFactory - Using org.maven.ide.eclipse.wtp.WarLifecycleMapping lifecycle mapping for MavenProject: nl.surfnet.apis:apis-openconext-mock-war:1.3.5-SNAPSHOT @ /home/emo/susi-oauth/apis/apis-openconext-mock-war/pom.xml.
2013-10-27 10:47:12,028 [Worker-7] INFO  o.e.m.c.i.embedder.EclipseLogger - Using 'UTF-8' encoding to copy filtered resources.
2013-10-27 10:47:12,028 [Worker-7] INFO  o.e.m.c.i.embedder.EclipseLogger - skip non existing resourceDirectory /home/emo/susi-oauth/apis/apis-openconext-mock-war/src/main/resources
2013-10-27 10:47:12,031 [Worker-7] INFO  o.e.m.c.i.embedder.EclipseLogger - Using 'UTF-8' encoding to copy filtered resources.
2013-10-27 10:47:12,031 [Worker-7] INFO  o.e.m.c.i.embedder.EclipseLogger - skip non existing resourceDirectory /home/emo/susi-oauth/apis/apis-openconext-mock-war/src/test/resources
2013-10-27 10:47:12,867 [Worker-3] INFO  o.e.m.c.i.l.LifecycleMappingFactory - Using org.eclipse.m2e.jdt.JarLifecycleMapping lifecycle mapping for MavenProject: nl.surfnet.apis:apis-authorization-server:1.3.5-SNAPSHOT @ /home/emo/susi-oauth/apis/apis-authorization-server/pom.xml.
2013-10-27 10:47:13,048 [Worker-7] INFO  o.e.m.c.i.l.LifecycleMappingFactory - Using org.eclipse.m2e.jdt.JarLifecycleMapping lifecycle mapping for MavenProject: nl.surfnet.apis:apis-resource-server-library:1.3.5-SNAPSHOT @ /home/emo/susi-oauth/apis/apis-resource-server-library/pom.xml.
2013-10-27 10:47:14,616 [Worker-7] INFO  o.e.m.c.i.embedder.EclipseLogger - Using 'UTF-8' encoding to copy filtered resources.
2013-10-27 10:47:14,616 [Worker-7] INFO  o.e.m.c.i.embedder.EclipseLogger - skip non existing resourceDirectory /home/emo/susi-oauth/apis/apis-resource-server-library/src/main/resources
2013-10-27 10:47:14,617 [Worker-7] INFO  o.e.m.c.i.embedder.EclipseLogger - Using 'UTF-8' encoding to copy filtered resources.
2013-10-27 10:47:14,617 [Worker-7] INFO  o.e.m.c.i.embedder.EclipseLogger - skip non existing resourceDirectory /home/emo/susi-oauth/apis/apis-resource-server-library/src/test/resources
2013-10-27 10:47:15,699 [Worker-1] INFO  o.e.m.c.i.l.LifecycleMappingFactory - Using org.eclipse.m2e.jdt.JarLifecycleMapping lifecycle mapping for MavenProject: nl.surfnet.apis:apis-authorization-server:1.3.5-SNAPSHOT @ /home/emo/susi-oauth/apis/apis-authorization-server/pom.xml.
2013-10-27 10:47:16,170 [Worker-1] INFO  o.e.m.c.i.l.LifecycleMappingFactory - Using org.maven.ide.eclipse.wtp.WarLifecycleMapping lifecycle mapping for MavenProject: nl.surfnet.apis:apis-authorization-server-war:1.3.5-SNAPSHOT @ /home/emo/susi-oauth/apis/apis-authorization-server-war/pom.xml.
2013-10-27 10:47:16,572 [Worker-1] INFO  o.e.m.c.i.l.LifecycleMappingFactory - Using org.maven.ide.eclipse.wtp.WarLifecycleMapping lifecycle mapping for MavenProject: nl.surfnet.apis:apis-example-client-app:1.3.5-SNAPSHOT @ /home/emo/susi-oauth/apis/apis-example-client-app/pom.xml.
2013-10-27 10:47:16,613 [Worker-1] INFO  o.e.m.c.i.l.LifecycleMappingFactory - Using org.maven.ide.eclipse.wtp.WarLifecycleMapping lifecycle mapping for MavenProject: nl.surfnet.apis:apis-openconext-mock-war:1.3.5-SNAPSHOT @ /home/emo/susi-oauth/apis/apis-openconext-mock-war/pom.xml.
2013-10-27 10:47:16,666 [Worker-1] INFO  o.e.m.c.i.l.LifecycleMappingFactory - Using org.eclipse.m2e.jdt.JarLifecycleMapping lifecycle mapping for MavenProject: nl.surfnet.apis:apis-resource-server-library:1.3.5-SNAPSHOT @ /home/emo/susi-oauth/apis/apis-resource-server-library/pom.xml.
2013-10-27 10:47:16,727 [Worker-1] INFO  o.e.m.c.i.l.LifecycleMappingFactory - Using org.eclipse.m2e.jdt.JarLifecycleMapping lifecycle mapping for MavenProject: nl.surfnet.apis:apis-surfconext-authn:1.3.5-SNAPSHOT @ /home/emo/susi-oauth/apis/apis-surfconext-authn/pom.xml.
2013-10-27 10:47:16,855 [Worker-1] INFO  o.e.m.c.i.l.LifecycleMappingFactory - Using org.eclipse.m2e.jdt.JarLifecycleMapping lifecycle mapping for MavenProject: nl.surfnet.apis:susi-resource-server:1.3.5-SNAPSHOT @ /home/emo/susi-oauth/apis/susi-resource-server/pom.xml.
2013-10-27 10:47:17,175 [Worker-1] INFO  o.e.m.c.i.l.LifecycleMappingFactory - Using org.maven.ide.eclipse.wtp.WarLifecycleMapping lifecycle mapping for MavenProject: nl.surfnet.apis:susi-resource-server-war:1.3.5-SNAPSHOT @ /home/emo/susi-oauth/apis/susi-resource-server-war/pom.xml.
2013-10-27 10:47:18,249 [Worker-7] INFO  o.e.m.c.i.l.LifecycleMappingFactory - Using org.maven.ide.eclipse.wtp.WarLifecycleMapping lifecycle mapping for MavenProject: nl.surfnet.apis:apis-example-client-app:1.3.5-SNAPSHOT @ /home/emo/susi-oauth/apis/apis-example-client-app/pom.xml.
2013-10-27 10:47:18,615 [Worker-7] INFO  o.e.m.c.i.embedder.EclipseLogger - Using 'UTF-8' encoding to copy filtered resources.
2013-10-27 10:47:18,615 [Worker-7] INFO  o.e.m.c.i.embedder.EclipseLogger - skip non existing resourceDirectory /home/emo/susi-oauth/apis/apis-example-client-app/src/main/resources
2013-10-27 10:47:18,617 [Worker-7] INFO  o.e.m.c.i.embedder.EclipseLogger - Using 'UTF-8' encoding to copy filtered resources.
2013-10-27 10:47:18,622 [Worker-7] INFO  o.e.m.c.i.embedder.EclipseLogger - Copying 1 resource
2013-10-27 10:47:20,295 [Worker-7] INFO  o.e.m.c.i.l.LifecycleMappingFactory - Using org.eclipse.m2e.jdt.JarLifecycleMapping lifecycle mapping for MavenProject: nl.surfnet.apis:apis-authorization-server:1.3.5-SNAPSHOT @ /home/emo/susi-oauth/apis/apis-authorization-server/pom.xml.
2013-10-27 10:47:20,738 [Worker-7] INFO  o.e.m.c.i.embedder.EclipseLogger - Using 'UTF-8' encoding to copy filtered resources.
2013-10-27 10:47:20,740 [Worker-7] INFO  o.e.m.c.i.embedder.EclipseLogger - Copying 1 resource
2013-10-27 10:47:20,762 [Worker-7] INFO  o.e.m.c.i.embedder.EclipseLogger - Using 'UTF-8' encoding to copy filtered resources.
2013-10-27 10:47:20,768 [Worker-7] INFO  o.e.m.c.i.embedder.EclipseLogger - Copying 4 resources
2013-10-27 10:47:22,062 [Worker-7] INFO  o.e.m.c.i.l.LifecycleMappingFactory - Using org.eclipse.m2e.jdt.JarLifecycleMapping lifecycle mapping for MavenProject: nl.surfnet.apis:apis-authorization-server:1.3.5-SNAPSHOT @ /home/emo/susi-oauth/apis/apis-authorization-server/pom.xml.
2013-10-27 10:47:22,432 [Worker-7] INFO  o.e.m.c.i.l.LifecycleMappingFactory - Using org.maven.ide.eclipse.wtp.WarLifecycleMapping lifecycle mapping for MavenProject: nl.surfnet.apis:apis-authorization-server-war:1.3.5-SNAPSHOT @ /home/emo/susi-oauth/apis/apis-authorization-server-war/pom.xml.
2013-10-27 10:47:22,736 [Worker-7] INFO  o.e.m.c.i.l.LifecycleMappingFactory - Using org.maven.ide.eclipse.wtp.WarLifecycleMapping lifecycle mapping for MavenProject: nl.surfnet.apis:apis-example-client-app:1.3.5-SNAPSHOT @ /home/emo/susi-oauth/apis/apis-example-client-app/pom.xml.
2013-10-27 10:47:22,797 [Worker-7] INFO  o.e.m.c.i.l.LifecycleMappingFactory - Using org.maven.ide.eclipse.wtp.WarLifecycleMapping lifecycle mapping for MavenProject: nl.surfnet.apis:apis-openconext-mock-war:1.3.5-SNAPSHOT @ /home/emo/susi-oauth/apis/apis-openconext-mock-war/pom.xml.
2013-10-27 10:47:22,824 [Worker-7] INFO  o.e.m.c.i.l.LifecycleMappingFactory - Using org.eclipse.m2e.jdt.JarLifecycleMapping lifecycle mapping for MavenProject: nl.surfnet.apis:apis-resource-server-library:1.3.5-SNAPSHOT @ /home/emo/susi-oauth/apis/apis-resource-server-library/pom.xml.
2013-10-27 10:47:22,860 [Worker-7] INFO  o.e.m.c.i.l.LifecycleMappingFactory - Using org.eclipse.m2e.jdt.JarLifecycleMapping lifecycle mapping for MavenProject: nl.surfnet.apis:apis-surfconext-authn:1.3.5-SNAPSHOT @ /home/emo/susi-oauth/apis/apis-surfconext-authn/pom.xml.
2013-10-27 10:47:22,925 [Worker-7] INFO  o.e.m.c.i.l.LifecycleMappingFactory - Using org.eclipse.m2e.jdt.JarLifecycleMapping lifecycle mapping for MavenProject: nl.surfnet.apis:susi-resource-server:1.3.5-SNAPSHOT @ /home/emo/susi-oauth/apis/susi-resource-server/pom.xml.
2013-10-27 10:47:23,149 [Worker-7] INFO  o.e.m.c.i.l.LifecycleMappingFactory - Using org.maven.ide.eclipse.wtp.WarLifecycleMapping lifecycle mapping for MavenProject: nl.surfnet.apis:susi-resource-server-war:1.3.5-SNAPSHOT @ /home/emo/susi-oauth/apis/susi-resource-server-war/pom.xml.
2013-10-27 10:47:27,255 [Worker-1] INFO  o.e.m.c.i.embedder.EclipseLogger - Using 'UTF-8' encoding to copy filtered resources.
2013-10-27 10:47:27,255 [Worker-1] INFO  o.e.m.c.i.embedder.EclipseLogger - skip non existing resourceDirectory /home/emo/susi-oauth/apis/apis-openconext-mock-war/src/main/resources
2013-10-27 10:47:27,256 [Worker-1] INFO  o.e.m.c.i.embedder.EclipseLogger - Using 'UTF-8' encoding to copy filtered resources.
2013-10-27 10:47:27,256 [Worker-1] INFO  o.e.m.c.i.embedder.EclipseLogger - skip non existing resourceDirectory /home/emo/susi-oauth/apis/apis-openconext-mock-war/src/test/resources
2013-10-27 10:47:27,271 [Worker-1] INFO  o.e.m.c.i.embedder.EclipseLogger - Using 'UTF-8' encoding to copy filtered resources.
2013-10-27 10:47:27,272 [Worker-1] INFO  o.e.m.c.i.embedder.EclipseLogger - skip non existing resourceDirectory /home/emo/susi-oauth/apis/apis-resource-server-library/src/main/resources
2013-10-27 10:47:27,273 [Worker-1] INFO  o.e.m.c.i.embedder.EclipseLogger - Using 'UTF-8' encoding to copy filtered resources.
2013-10-27 10:47:27,273 [Worker-1] INFO  o.e.m.c.i.embedder.EclipseLogger - skip non existing resourceDirectory /home/emo/susi-oauth/apis/apis-resource-server-library/src/test/resources
2013-10-27 10:47:27,320 [Worker-1] INFO  o.e.m.c.i.embedder.EclipseLogger - Using 'UTF-8' encoding to copy filtered resources.
2013-10-27 10:47:27,320 [Worker-1] INFO  o.e.m.c.i.embedder.EclipseLogger - skip non existing resourceDirectory /home/emo/susi-oauth/apis/apis-example-client-app/src/main/resources
2013-10-27 10:47:27,322 [Worker-1] INFO  o.e.m.c.i.embedder.EclipseLogger - Using 'UTF-8' encoding to copy filtered resources.
2013-10-27 10:47:27,324 [Worker-1] INFO  o.e.m.c.i.embedder.EclipseLogger - Copying 0 resource
2013-10-27 10:47:27,374 [Worker-1] INFO  o.e.m.c.i.embedder.EclipseLogger - Using 'UTF-8' encoding to copy filtered resources.
2013-10-27 10:47:27,374 [Worker-1] INFO  o.e.m.c.i.embedder.EclipseLogger - Copying 0 resource
2013-10-27 10:47:27,377 [Worker-1] INFO  o.e.m.c.i.embedder.EclipseLogger - Using 'UTF-8' encoding to copy filtered resources.
2013-10-27 10:47:27,391 [Worker-1] INFO  o.e.m.c.i.embedder.EclipseLogger - Copying 4 resources
2013-10-27 10:47:27,758 [Worker-1] INFO  o.e.m.c.i.embedder.EclipseLogger - Using 'UTF-8' encoding to copy filtered resources.
2013-10-27 10:47:27,758 [Worker-1] INFO  o.e.m.c.i.embedder.EclipseLogger - skip non existing resourceDirectory /home/emo/susi-oauth/apis/apis-surfconext-authn/src/main/resources
2013-10-27 10:47:27,760 [Worker-1] INFO  o.e.m.c.i.embedder.EclipseLogger - Using 'UTF-8' encoding to copy filtered resources.
2013-10-27 10:47:27,760 [Worker-1] INFO  o.e.m.c.i.embedder.EclipseLogger - skip non existing resourceDirectory /home/emo/susi-oauth/apis/apis-surfconext-authn/src/test/resources
2013-10-27 10:47:29,978 [Worker-4] INFO  o.e.m.c.i.embedder.EclipseLogger - Using 'UTF-8' encoding to copy filtered resources.
2013-10-27 10:47:29,986 [Worker-4] INFO  o.e.m.c.i.embedder.EclipseLogger - Copying 5 resources
2013-10-27 10:47:30,033 [Worker-4] INFO  o.e.m.c.i.embedder.EclipseLogger - Using 'UTF-8' encoding to copy filtered resources.
2013-10-27 10:47:30,034 [Worker-4] INFO  o.e.m.c.i.embedder.EclipseLogger - Copying 7 resources
2013-10-27 10:47:30,780 [Worker-5] INFO  o.e.m.c.i.embedder.EclipseLogger - Using 'UTF-8' encoding to copy filtered resources.
2013-10-27 10:47:30,782 [Worker-5] INFO  o.e.m.c.i.embedder.EclipseLogger - Copying 5 resources
2013-10-27 10:47:30,785 [Worker-5] INFO  o.e.m.c.i.embedder.EclipseLogger - Using 'UTF-8' encoding to copy filtered resources.
2013-10-27 10:47:30,785 [Worker-5] INFO  o.e.m.c.i.embedder.EclipseLogger - Copying 0 resource
2013-10-27 10:47:30,792 [Worker-5] INFO  o.e.m.c.i.embedder.EclipseLogger - Using 'UTF-8' encoding to copy filtered resources.
2013-10-27 10:47:30,792 [Worker-5] INFO  o.e.m.c.i.embedder.EclipseLogger - Copying 1 resource
2013-10-27 10:47:30,847 [Worker-5] INFO  o.e.m.c.i.embedder.EclipseLogger - Using 'UTF-8' encoding to copy filtered resources.
2013-10-27 10:47:30,847 [Worker-5] INFO  o.e.m.c.i.embedder.EclipseLogger - skip non existing resourceDirectory /home/emo/susi-oauth/apis/susi-resource-server/src/test/resources
2013-10-27 10:47:31,231 [Worker-11] INFO  o.e.m.c.i.embedder.EclipseLogger - Using 'UTF-8' encoding to copy filtered resources.
2013-10-27 10:47:31,231 [Worker-11] INFO  o.e.m.c.i.embedder.EclipseLogger - skip non existing resourceDirectory /home/emo/susi-oauth/apis/susi-resource-server-war/src/main/resources
2013-10-27 10:47:31,233 [Worker-11] INFO  o.e.m.c.i.embedder.EclipseLogger - Using 'UTF-8' encoding to copy filtered resources.
2013-10-27 10:47:31,233 [Worker-11] INFO  o.e.m.c.i.embedder.EclipseLogger - Copying 1 resource
2013-10-27 11:03:43,578 [Worker-12] INFO  o.e.m.c.i.embedder.EclipseLogger - Using 'UTF-8' encoding to copy filtered resources.
2013-10-27 11:03:43,578 [Worker-12] INFO  o.e.m.c.i.embedder.EclipseLogger - skip non existing resourceDirectory /home/emo/susi-oauth/apis/apis-resource-server-library/src/main/resources
2013-10-27 11:03:43,580 [Worker-12] INFO  o.e.m.c.i.embedder.EclipseLogger - Using 'UTF-8' encoding to copy filtered resources.
2013-10-27 11:03:43,580 [Worker-12] INFO  o.e.m.c.i.embedder.EclipseLogger - skip non existing resourceDirectory /home/emo/susi-oauth/apis/apis-resource-server-library/src/test/resources
2013-10-27 11:03:43,640 [Worker-12] INFO  o.e.m.c.i.l.LifecycleMappingFactory - Using org.eclipse.m2e.jdt.JarLifecycleMapping lifecycle mapping for MavenProject: nl.surfnet.apis:susi-resource-server:1.3.5-SNAPSHOT @ /home/emo/susi-oauth/apis/susi-resource-server/pom.xml.
2013-10-27 11:03:44,823 [Worker-12] INFO  o.e.m.c.i.l.LifecycleMappingFactory - Using org.maven.ide.eclipse.wtp.WarLifecycleMapping lifecycle mapping for MavenProject: nl.surfnet.apis:apis-authorization-server-war:1.3.5-SNAPSHOT @ /home/emo/susi-oauth/apis/apis-authorization-server-war/pom.xml.
2013-10-27 11:03:46,674 [Worker-12] INFO  o.e.m.c.i.embedder.EclipseLogger - Using 'UTF-8' encoding to copy filtered resources.
2013-10-27 11:03:46,678 [Worker-12] INFO  o.e.m.c.i.embedder.EclipseLogger - Copying 5 resources
2013-10-27 11:03:46,690 [Worker-12] INFO  o.e.m.c.i.embedder.EclipseLogger - Using 'UTF-8' encoding to copy filtered resources.
2013-10-27 11:03:46,692 [Worker-12] INFO  o.e.m.c.i.embedder.EclipseLogger - Copying 6 resources
2013-10-27 11:03:46,696 [Worker-12] INFO  o.e.m.w.i.f.ResourceFilteringBuildParticipant - Changed resources require a complete clean of filtered resources of apis-authorization-server-war
2013-10-27 11:03:46,697 [Worker-12] INFO  o.e.m.w.i.f.ResourceFilteringBuildParticipant - Executing resource filtering for apis-authorization-server-war
2013-10-27 11:03:46,702 [Worker-12] INFO  o.e.m.c.i.embedder.EclipseLogger - Using 'UTF-8' encoding to copy filtered resources.
2013-10-27 11:03:47,989 [Worker-11] INFO  o.e.m.c.i.embedder.EclipseLogger - Using 'UTF-8' encoding to copy filtered resources.
2013-10-27 11:03:47,993 [Worker-11] INFO  o.e.m.c.i.embedder.EclipseLogger - Copying 5 resources
2013-10-27 11:03:48,018 [Worker-11] INFO  o.e.m.c.i.embedder.EclipseLogger - Using 'UTF-8' encoding to copy filtered resources.
2013-10-27 11:03:48,020 [Worker-11] INFO  o.e.m.c.i.embedder.EclipseLogger - Copying 6 resources
2013-10-27 11:03:48,293 [Worker-13] INFO  o.e.m.c.i.embedder.EclipseLogger - Using 'UTF-8' encoding to copy filtered resources.
2013-10-27 11:03:48,296 [Worker-13] INFO  o.e.m.c.i.embedder.EclipseLogger - Copying 5 resources
2013-10-27 11:03:48,298 [Worker-13] INFO  o.e.m.c.i.embedder.EclipseLogger - Using 'UTF-8' encoding to copy filtered resources.
2013-10-27 11:03:48,298 [Worker-13] INFO  o.e.m.c.i.embedder.EclipseLogger - Copying 0 resource
2013-10-27 11:03:48,318 [Worker-13] INFO  o.e.m.c.i.embedder.EclipseLogger - Using 'UTF-8' encoding to copy filtered resources.
2013-10-27 11:03:48,318 [Worker-13] INFO  o.e.m.c.i.embedder.EclipseLogger - Copying 1 resource
2013-10-27 11:03:48,320 [Worker-13] INFO  o.e.m.c.i.embedder.EclipseLogger - Using 'UTF-8' encoding to copy filtered resources.
2013-10-27 11:03:48,320 [Worker-13] INFO  o.e.m.c.i.embedder.EclipseLogger - skip non existing resourceDirectory /home/emo/susi-oauth/apis/susi-resource-server/src/test/resources
2013-10-27 11:17:02,396 [Worker-14] INFO  o.e.m.c.i.embedder.EclipseLogger - Using 'UTF-8' encoding to copy filtered resources.
2013-10-27 11:17:02,397 [Worker-14] INFO  o.e.m.c.i.embedder.EclipseLogger - Copying 1 resource
2013-10-27 11:17:02,399 [Worker-14] INFO  o.e.m.c.i.embedder.EclipseLogger - Using 'UTF-8' encoding to copy filtered resources.
2013-10-27 11:17:02,399 [Worker-14] INFO  o.e.m.c.i.embedder.EclipseLogger - Copying 0 resource
2013-10-27 11:20:49,230 [Worker-3] INFO  o.e.m.c.i.embedder.EclipseLogger - Using 'UTF-8' encoding to copy filtered resources.
2013-10-27 11:20:49,232 [Worker-3] INFO  o.e.m.c.i.embedder.EclipseLogger - Copying 1 resource
2013-10-27 11:20:49,236 [Worker-3] INFO  o.e.m.c.i.embedder.EclipseLogger - Using 'UTF-8' encoding to copy filtered resources.
2013-10-27 11:20:49,236 [Worker-3] INFO  o.e.m.c.i.embedder.EclipseLogger - Copying 0 resource
2013-10-27 11:20:58,671 [Worker-12] INFO  o.e.m.c.i.embedder.EclipseLogger - Using 'UTF-8' encoding to copy filtered resources.
2013-10-27 11:20:58,672 [Worker-12] INFO  o.e.m.c.i.embedder.EclipseLogger - Copying 1 resource
2013-10-27 11:20:58,675 [Worker-12] INFO  o.e.m.c.i.embedder.EclipseLogger - Using 'UTF-8' encoding to copy filtered resources.
2013-10-27 11:20:58,676 [Worker-12] INFO  o.e.m.c.i.embedder.EclipseLogger - Copying 0 resource
2013-10-27 11:23:03,751 [Worker-12] INFO  o.e.m.c.i.l.LifecycleMappingFactory - Using org.eclipse.m2e.jdt.JarLifecycleMapping lifecycle mapping for MavenProject: nl.surfnet.apis:apis-authorization-server:1.3.5-SNAPSHOT @ /home/emo/susi-oauth/apis/apis-authorization-server/pom.xml.
2013-10-27 11:23:04,184 [Worker-12] INFO  c.n.h.c.p.n.NettyAsyncHttpProvider - Number of application's worked threads is 8
2013-10-27 11:23:04,559 [Worker-12] WARN  o.e.m.c.i.embedder.EclipseLogger - The POM for org.surfnet.coin:coin-test:jar:2.8.1 is missing, no dependency information available
2013-10-27 11:23:04,875 [Worker-12] INFO  c.n.h.c.p.n.NettyAsyncHttpProvider - Number of application's worked threads is 8
2013-10-27 11:23:05,004 [Worker-12] INFO  o.e.m.c.i.l.LifecycleMappingFactory - Using org.eclipse.m2e.jdt.JarLifecycleMapping lifecycle mapping for MavenProject: nl.surfnet.apis:susi-resource-server:1.3.5-SNAPSHOT @ /home/emo/susi-oauth/apis/susi-resource-server/pom.xml.
2013-10-27 11:23:05,482 [Worker-12] INFO  o.e.m.c.i.l.LifecycleMappingFactory - Using org.maven.ide.eclipse.wtp.WarLifecycleMapping lifecycle mapping for MavenProject: nl.surfnet.apis:apis-authorization-server-war:1.3.5-SNAPSHOT @ /home/emo/susi-oauth/apis/apis-authorization-server-war/pom.xml.
2013-10-27 11:23:06,779 [Worker-12] INFO  o.e.m.c.i.embedder.EclipseLogger - Using 'UTF-8' encoding to copy filtered resources.
2013-10-27 11:23:06,779 [Worker-12] INFO  o.e.m.c.i.embedder.EclipseLogger - Copying 0 resource
2013-10-27 11:23:06,780 [Worker-12] INFO  o.e.m.c.i.embedder.EclipseLogger - Using 'UTF-8' encoding to copy filtered resources.
2013-10-27 11:23:06,780 [Worker-12] INFO  o.e.m.c.i.embedder.EclipseLogger - Copying 0 resource
2013-10-27 11:23:08,391 [Worker-9] INFO  o.e.m.c.i.l.LifecycleMappingFactory - Using org.eclipse.m2e.jdt.JarLifecycleMapping lifecycle mapping for MavenProject: nl.surfnet.apis:apis-authorization-server:1.3.5-SNAPSHOT @ /home/emo/susi-oauth/apis/apis-authorization-server/pom.xml.
2013-10-27 11:23:08,656 [Worker-9] WARN  o.e.m.c.i.embedder.EclipseLogger - The POM for org.surfnet.coin:coin-test:jar:2.8.1 is missing, no dependency information available
2013-10-27 11:23:08,765 [Worker-9] INFO  o.e.m.c.i.embedder.EclipseLogger - Using 'UTF-8' encoding to copy filtered resources.
2013-10-27 11:23:08,766 [Worker-9] INFO  o.e.m.c.i.embedder.EclipseLogger - Copying 1 resource
2013-10-27 11:23:08,768 [Worker-9] INFO  o.e.m.c.i.embedder.EclipseLogger - Using 'UTF-8' encoding to copy filtered resources.
2013-10-27 11:23:08,769 [Worker-9] INFO  o.e.m.c.i.embedder.EclipseLogger - Copying 4 resources
2013-10-27 11:23:09,978 [Worker-14] INFO  o.e.m.c.i.embedder.EclipseLogger - Using 'UTF-8' encoding to copy filtered resources.
2013-10-27 11:23:09,979 [Worker-14] INFO  o.e.m.c.i.embedder.EclipseLogger - Copying 0 resource
2013-10-27 11:23:09,980 [Worker-14] INFO  o.e.m.c.i.embedder.EclipseLogger - Using 'UTF-8' encoding to copy filtered resources.
2013-10-27 11:23:09,982 [Worker-14] INFO  o.e.m.c.i.embedder.EclipseLogger - Copying 4 resources
2013-10-27 11:23:10,445 [Worker-12] INFO  o.e.m.c.i.l.LifecycleMappingFactory - Using org.maven.ide.eclipse.wtp.WarLifecycleMapping lifecycle mapping for MavenProject: nl.surfnet.apis:apis-authorization-server-war:1.3.5-SNAPSHOT @ /home/emo/susi-oauth/apis/apis-authorization-server-war/pom.xml.
2013-10-27 11:23:11,348 [Worker-12] INFO  o.e.m.c.i.embedder.EclipseLogger - Using 'UTF-8' encoding to copy filtered resources.
2013-10-27 11:23:11,348 [Worker-12] INFO  o.e.m.c.i.embedder.EclipseLogger - Copying 0 resource
2013-10-27 11:23:11,350 [Worker-12] INFO  o.e.m.c.i.embedder.EclipseLogger - Using 'UTF-8' encoding to copy filtered resources.
2013-10-27 11:23:11,351 [Worker-12] INFO  o.e.m.c.i.embedder.EclipseLogger - Copying 0 resource
2013-10-27 11:23:11,351 [Worker-12] INFO  o.e.m.w.i.f.ResourceFilteringBuildParticipant - Changed resources require a complete clean of filtered resources of apis-authorization-server-war
2013-10-27 11:23:11,351 [Worker-12] INFO  o.e.m.w.i.f.ResourceFilteringBuildParticipant - Executing resource filtering for apis-authorization-server-war
2013-10-27 11:23:11,359 [Worker-12] INFO  o.e.m.c.i.embedder.EclipseLogger - Using 'UTF-8' encoding to copy filtered resources.
2013-10-27 11:23:11,872 [Worker-16] INFO  o.e.m.c.i.embedder.EclipseLogger - Using 'UTF-8' encoding to copy filtered resources.
2013-10-27 11:23:11,872 [Worker-16] INFO  o.e.m.c.i.embedder.EclipseLogger - Copying 1 resource
2013-10-27 11:23:11,875 [Worker-16] INFO  o.e.m.c.i.embedder.EclipseLogger - Using 'UTF-8' encoding to copy filtered resources.
2013-10-27 11:23:11,875 [Worker-16] INFO  o.e.m.c.i.embedder.EclipseLogger - Copying 0 resource
2013-10-27 11:23:11,962 [Worker-16] INFO  o.e.m.c.i.embedder.EclipseLogger - Using 'UTF-8' encoding to copy filtered resources.
2013-10-27 11:23:11,962 [Worker-16] INFO  o.e.m.c.i.embedder.EclipseLogger - Copying 0 resource
2013-10-27 11:23:11,965 [Worker-16] INFO  o.e.m.c.i.embedder.EclipseLogger - Using 'UTF-8' encoding to copy filtered resources.
2013-10-27 11:23:11,965 [Worker-16] INFO  o.e.m.c.i.embedder.EclipseLogger - skip non existing resourceDirectory /home/emo/susi-oauth/apis/susi-resource-server/src/test/resources
2013-10-27 11:23:37,617 [Worker-16] INFO  o.e.m.c.i.l.LifecycleMappingFactory - Using org.eclipse.m2e.jdt.JarLifecycleMapping lifecycle mapping for MavenProject: nl.surfnet.apis:apis-resource-server-library:1.3.5-SNAPSHOT @ /home/emo/susi-oauth/apis/apis-resource-server-library/pom.xml.
2013-10-27 11:23:37,697 [Worker-16] WARN  o.e.m.c.i.embedder.EclipseLogger - The POM for org.surfnet.coin:coin-test:jar:2.8.1 is missing, no dependency information available
2013-10-27 11:23:37,725 [Worker-16] INFO  o.e.m.c.i.l.LifecycleMappingFactory - Using org.maven.ide.eclipse.wtp.WarLifecycleMapping lifecycle mapping for MavenProject: nl.surfnet.apis:apis-example-client-app:1.3.5-SNAPSHOT @ /home/emo/susi-oauth/apis/apis-example-client-app/pom.xml.
2013-10-27 11:23:37,785 [Worker-16] INFO  o.e.m.c.i.l.LifecycleMappingFactory - Using org.eclipse.m2e.jdt.JarLifecycleMapping lifecycle mapping for MavenProject: nl.surfnet.apis:susi-resource-server:1.3.5-SNAPSHOT @ /home/emo/susi-oauth/apis/susi-resource-server/pom.xml.
2013-10-27 11:23:38,169 [Worker-16] INFO  o.e.m.c.i.l.LifecycleMappingFactory - Using org.eclipse.m2e.jdt.JarLifecycleMapping lifecycle mapping for MavenProject: nl.surfnet.apis:apis-authorization-server:1.3.5-SNAPSHOT @ /home/emo/susi-oauth/apis/apis-authorization-server/pom.xml.
2013-10-27 11:23:38,238 [Worker-16] INFO  o.e.m.c.i.l.LifecycleMappingFactory - Using org.maven.ide.eclipse.wtp.WarLifecycleMapping lifecycle mapping for MavenProject: nl.surfnet.apis:apis-authorization-server-war:1.3.5-SNAPSHOT @ /home/emo/susi-oauth/apis/apis-authorization-server-war/pom.xml.
2013-10-27 11:23:39,166 [Worker-16] INFO  o.e.m.c.i.embedder.EclipseLogger - Using 'UTF-8' encoding to copy filtered resources.
2013-10-27 11:23:39,166 [Worker-16] INFO  o.e.m.c.i.embedder.EclipseLogger - skip non existing resourceDirectory /home/emo/susi-oauth/apis/apis-resource-server-library/src/main/resources
2013-10-27 11:23:39,167 [Worker-16] INFO  o.e.m.c.i.embedder.EclipseLogger - Using 'UTF-8' encoding to copy filtered resources.
2013-10-27 11:23:39,167 [Worker-16] INFO  o.e.m.c.i.embedder.EclipseLogger - skip non existing resourceDirectory /home/emo/susi-oauth/apis/apis-resource-server-library/src/test/resources
2013-10-27 11:23:39,444 [Worker-14] INFO  o.e.m.c.i.embedder.EclipseLogger - Using 'UTF-8' encoding to copy filtered resources.
2013-10-27 11:23:39,445 [Worker-14] INFO  o.e.m.c.i.embedder.EclipseLogger - skip non existing resourceDirectory /home/emo/susi-oauth/apis/apis-resource-server-library/src/main/resources
2013-10-27 11:23:39,446 [Worker-14] INFO  o.e.m.c.i.embedder.EclipseLogger - Using 'UTF-8' encoding to copy filtered resources.
2013-10-27 11:23:39,446 [Worker-14] INFO  o.e.m.c.i.embedder.EclipseLogger - skip non existing resourceDirectory /home/emo/susi-oauth/apis/apis-resource-server-library/src/test/resources
2013-10-27 11:23:39,463 [Worker-14] INFO  o.e.m.c.i.embedder.EclipseLogger - Using 'UTF-8' encoding to copy filtered resources.
2013-10-27 11:23:39,463 [Worker-14] INFO  o.e.m.c.i.embedder.EclipseLogger - skip non existing resourceDirectory /home/emo/susi-oauth/apis/apis-example-client-app/src/main/resources
2013-10-27 11:23:39,464 [Worker-14] INFO  o.e.m.c.i.embedder.EclipseLogger - Using 'UTF-8' encoding to copy filtered resources.
2013-10-27 11:23:39,464 [Worker-14] INFO  o.e.m.c.i.embedder.EclipseLogger - Copying 0 resource
2013-10-27 11:23:39,650 [Worker-14] INFO  o.e.m.c.i.embedder.EclipseLogger - Using 'UTF-8' encoding to copy filtered resources.
2013-10-27 11:23:39,650 [Worker-14] INFO  o.e.m.c.i.embedder.EclipseLogger - Copying 0 resource
2013-10-27 11:23:39,651 [Worker-14] INFO  o.e.m.c.i.embedder.EclipseLogger - Using 'UTF-8' encoding to copy filtered resources.
2013-10-27 11:23:39,651 [Worker-14] INFO  o.e.m.c.i.embedder.EclipseLogger - Copying 0 resource
2013-10-27 11:23:39,765 [Worker-14] INFO  o.e.m.c.i.embedder.EclipseLogger - Using 'UTF-8' encoding to copy filtered resources.
2013-10-27 11:23:39,766 [Worker-14] INFO  o.e.m.c.i.embedder.EclipseLogger - Copying 0 resource
2013-10-27 11:23:39,768 [Worker-14] INFO  o.e.m.c.i.embedder.EclipseLogger - Using 'UTF-8' encoding to copy filtered resources.
2013-10-27 11:23:39,768 [Worker-14] INFO  o.e.m.c.i.embedder.EclipseLogger - Copying 0 resource
2013-10-27 11:23:39,829 [Worker-14] INFO  o.e.m.c.i.embedder.EclipseLogger - Using 'UTF-8' encoding to copy filtered resources.
2013-10-27 11:23:39,829 [Worker-14] INFO  o.e.m.c.i.embedder.EclipseLogger - Copying 0 resource
2013-10-27 11:23:39,831 [Worker-14] INFO  o.e.m.c.i.embedder.EclipseLogger - Using 'UTF-8' encoding to copy filtered resources.
2013-10-27 11:23:39,831 [Worker-14] INFO  o.e.m.c.i.embedder.EclipseLogger - skip non existing resourceDirectory /home/emo/susi-oauth/apis/susi-resource-server/src/test/resources
2013-10-27 11:24:03,676 [Worker-14] INFO  o.e.m.c.i.l.LifecycleMappingFactory - Using org.eclipse.m2e.jdt.JarLifecycleMapping lifecycle mapping for MavenProject: nl.surfnet.apis:apis-authorization-server:1.3.5-SNAPSHOT @ /home/emo/susi-oauth/apis/apis-authorization-server/pom.xml.
2013-10-27 11:24:03,844 [Worker-14] WARN  o.e.m.c.i.embedder.EclipseLogger - The POM for org.surfnet.coin:coin-test:jar:2.8.1 is missing, no dependency information available
2013-10-27 11:24:03,930 [Worker-14] INFO  o.e.m.c.i.embedder.EclipseLogger - Using 'UTF-8' encoding to copy filtered resources.
2013-10-27 11:24:03,931 [Worker-14] INFO  o.e.m.c.i.embedder.EclipseLogger - Copying 1 resource
2013-10-27 11:24:03,933 [Worker-14] INFO  o.e.m.c.i.embedder.EclipseLogger - Using 'UTF-8' encoding to copy filtered resources.
2013-10-27 11:24:03,933 [Worker-14] INFO  o.e.m.c.i.embedder.EclipseLogger - Copying 1 resource
2013-10-27 11:24:04,245 [Worker-15] INFO  o.e.m.c.i.embedder.EclipseLogger - Using 'UTF-8' encoding to copy filtered resources.
2013-10-27 11:24:04,246 [Worker-15] INFO  o.e.m.c.i.embedder.EclipseLogger - Copying 0 resource
2013-10-27 11:24:04,247 [Worker-15] INFO  o.e.m.c.i.embedder.EclipseLogger - Using 'UTF-8' encoding to copy filtered resources.
2013-10-27 11:24:04,250 [Worker-15] INFO  o.e.m.c.i.embedder.EclipseLogger - Copying 4 resources
2013-10-27 11:24:04,295 [Worker-15] INFO  o.e.m.c.i.l.LifecycleMappingFactory - Using org.maven.ide.eclipse.wtp.WarLifecycleMapping lifecycle mapping for MavenProject: nl.surfnet.apis:apis-authorization-server-war:1.3.5-SNAPSHOT @ /home/emo/susi-oauth/apis/apis-authorization-server-war/pom.xml.
2013-10-27 11:24:04,923 [Worker-15] INFO  o.e.m.c.i.embedder.EclipseLogger - Using 'UTF-8' encoding to copy filtered resources.
2013-10-27 11:24:04,923 [Worker-15] INFO  o.e.m.c.i.embedder.EclipseLogger - Copying 0 resource
2013-10-27 11:24:04,924 [Worker-15] INFO  o.e.m.c.i.embedder.EclipseLogger - Using 'UTF-8' encoding to copy filtered resources.
2013-10-27 11:24:04,924 [Worker-15] INFO  o.e.m.c.i.embedder.EclipseLogger - Copying 0 resource
2013-10-27 11:24:04,925 [Worker-15] INFO  o.e.m.w.i.f.ResourceFilteringBuildParticipant - Changed resources require a complete clean of filtered resources of apis-authorization-server-war
2013-10-27 11:24:04,925 [Worker-15] INFO  o.e.m.w.i.f.ResourceFilteringBuildParticipant - Executing resource filtering for apis-authorization-server-war
2013-10-27 11:24:04,930 [Worker-15] INFO  o.e.m.c.i.embedder.EclipseLogger - Using 'UTF-8' encoding to copy filtered resources.
2013-10-27 11:24:05,221 [Worker-9] INFO  o.e.m.c.i.embedder.EclipseLogger - Using 'UTF-8' encoding to copy filtered resources.
2013-10-27 11:24:05,221 [Worker-9] INFO  o.e.m.c.i.embedder.EclipseLogger - Copying 1 resource
2013-10-27 11:24:05,224 [Worker-9] INFO  o.e.m.c.i.embedder.EclipseLogger - Using 'UTF-8' encoding to copy filtered resources.
2013-10-27 11:24:05,225 [Worker-9] INFO  o.e.m.c.i.embedder.EclipseLogger - Copying 0 resource
2013-10-27 11:24:27,877 [Worker-9] INFO  o.e.m.c.i.l.LifecycleMappingFactory - Using org.eclipse.m2e.jdt.JarLifecycleMapping lifecycle mapping for MavenProject: nl.surfnet.apis:apis-authorization-server:1.3.5-SNAPSHOT @ /home/emo/susi-oauth/apis/apis-authorization-server/pom.xml.
2013-10-27 11:24:28,047 [Worker-9] WARN  o.e.m.c.i.embedder.EclipseLogger - The POM for org.surfnet.coin:coin-test:jar:2.8.1 is missing, no dependency information available
2013-10-27 11:24:28,120 [Worker-9] INFO  o.e.m.c.i.embedder.EclipseLogger - Using 'UTF-8' encoding to copy filtered resources.
2013-10-27 11:24:28,122 [Worker-9] INFO  o.e.m.c.i.embedder.EclipseLogger - Copying 1 resource
2013-10-27 11:24:28,126 [Worker-9] INFO  o.e.m.c.i.embedder.EclipseLogger - Using 'UTF-8' encoding to copy filtered resources.
2013-10-27 11:24:28,126 [Worker-9] INFO  o.e.m.c.i.embedder.EclipseLogger - Copying 1 resource
2013-10-27 11:24:28,409 [Worker-13] INFO  o.e.m.c.i.embedder.EclipseLogger - Using 'UTF-8' encoding to copy filtered resources.
2013-10-27 11:24:28,409 [Worker-13] INFO  o.e.m.c.i.embedder.EclipseLogger - Copying 0 resource
2013-10-27 11:24:28,410 [Worker-13] INFO  o.e.m.c.i.embedder.EclipseLogger - Using 'UTF-8' encoding to copy filtered resources.
2013-10-27 11:24:28,411 [Worker-13] INFO  o.e.m.c.i.embedder.EclipseLogger - Copying 4 resources
2013-10-27 11:24:28,453 [Worker-13] INFO  o.e.m.c.i.l.LifecycleMappingFactory - Using org.maven.ide.eclipse.wtp.WarLifecycleMapping lifecycle mapping for MavenProject: nl.surfnet.apis:apis-authorization-server-war:1.3.5-SNAPSHOT @ /home/emo/susi-oauth/apis/apis-authorization-server-war/pom.xml.
2013-10-27 11:24:29,018 [Worker-13] INFO  o.e.m.c.i.embedder.EclipseLogger - Using 'UTF-8' encoding to copy filtered resources.
2013-10-27 11:24:29,018 [Worker-13] INFO  o.e.m.c.i.embedder.EclipseLogger - Copying 0 resource
2013-10-27 11:24:29,024 [Worker-13] INFO  o.e.m.c.i.embedder.EclipseLogger - Using 'UTF-8' encoding to copy filtered resources.
2013-10-27 11:24:29,024 [Worker-13] INFO  o.e.m.c.i.embedder.EclipseLogger - Copying 0 resource
2013-10-27 11:24:29,024 [Worker-13] INFO  o.e.m.w.i.f.ResourceFilteringBuildParticipant - Changed resources require a complete clean of filtered resources of apis-authorization-server-war
2013-10-27 11:24:29,025 [Worker-13] INFO  o.e.m.w.i.f.ResourceFilteringBuildParticipant - Executing resource filtering for apis-authorization-server-war
2013-10-27 11:24:29,030 [Worker-13] INFO  o.e.m.c.i.embedder.EclipseLogger - Using 'UTF-8' encoding to copy filtered resources.
2013-10-27 11:24:29,259 [Worker-15] INFO  o.e.m.c.i.embedder.EclipseLogger - Using 'UTF-8' encoding to copy filtered resources.
2013-10-27 11:24:29,260 [Worker-15] INFO  o.e.m.c.i.embedder.EclipseLogger - Copying 1 resource
2013-10-27 11:24:29,262 [Worker-15] INFO  o.e.m.c.i.embedder.EclipseLogger - Using 'UTF-8' encoding to copy filtered resources.
2013-10-27 11:24:29,262 [Worker-15] INFO  o.e.m.c.i.embedder.EclipseLogger - Copying 0 resource
2013-10-27 11:24:38,575 [Worker-15] INFO  o.e.m.c.i.l.LifecycleMappingFactory - Using org.eclipse.m2e.jdt.JarLifecycleMapping lifecycle mapping for MavenProject: nl.surfnet.apis:susi-resource-server:1.3.5-SNAPSHOT @ /home/emo/susi-oauth/apis/susi-resource-server/pom.xml.
2013-10-27 11:24:38,873 [Worker-15] INFO  o.e.m.c.i.embedder.EclipseLogger - Using 'UTF-8' encoding to copy filtered resources.
2013-10-27 11:24:38,873 [Worker-15] INFO  o.e.m.c.i.embedder.EclipseLogger - Copying 1 resource
2013-10-27 11:24:38,874 [Worker-15] INFO  o.e.m.c.i.embedder.EclipseLogger - Using 'UTF-8' encoding to copy filtered resources.
2013-10-27 11:24:38,874 [Worker-15] INFO  o.e.m.c.i.embedder.EclipseLogger - skip non existing resourceDirectory /home/emo/susi-oauth/apis/susi-resource-server/src/test/resources
2013-10-27 11:24:40,100 [Worker-9] INFO  o.e.m.c.i.embedder.EclipseLogger - Using 'UTF-8' encoding to copy filtered resources.
2013-10-27 11:24:40,101 [Worker-9] INFO  o.e.m.c.i.embedder.EclipseLogger - Copying 1 resource
2013-10-27 11:24:40,105 [Worker-9] INFO  o.e.m.c.i.embedder.EclipseLogger - Using 'UTF-8' encoding to copy filtered resources.
2013-10-27 11:24:40,105 [Worker-9] INFO  o.e.m.c.i.embedder.EclipseLogger - skip non existing resourceDirectory /home/emo/susi-oauth/apis/susi-resource-server/src/test/resources
2013-10-27 11:26:30,541 [Worker-15] INFO  o.e.m.c.i.embedder.EclipseLogger - Using 'UTF-8' encoding to copy filtered resources.
2013-10-27 11:26:30,541 [Worker-15] INFO  o.e.m.c.i.embedder.EclipseLogger - Copying 1 resource
2013-10-27 11:26:30,543 [Worker-15] INFO  o.e.m.c.i.embedder.EclipseLogger - Using 'UTF-8' encoding to copy filtered resources.
2013-10-27 11:26:30,543 [Worker-15] INFO  o.e.m.c.i.embedder.EclipseLogger - skip non existing resourceDirectory /home/emo/susi-oauth/apis/susi-resource-server/src/test/resources
2013-10-27 11:27:16,090 [Worker-17] INFO  o.e.m.c.i.embedder.EclipseLogger - Using 'UTF-8' encoding to copy filtered resources.
2013-10-27 11:27:16,090 [Worker-17] INFO  o.e.m.c.i.embedder.EclipseLogger - skip non existing resourceDirectory /home/emo/susi-oauth/apis/apis-resource-server-library/src/main/resources
2013-10-27 11:27:16,091 [Worker-17] INFO  o.e.m.c.i.embedder.EclipseLogger - Using 'UTF-8' encoding to copy filtered resources.
2013-10-27 11:27:16,091 [Worker-17] INFO  o.e.m.c.i.embedder.EclipseLogger - skip non existing resourceDirectory /home/emo/susi-oauth/apis/apis-resource-server-library/src/test/resources
2013-10-27 11:27:30,766 [Worker-13] INFO  o.e.m.c.i.embedder.EclipseLogger - Using 'UTF-8' encoding to copy filtered resources.
2013-10-27 11:27:30,766 [Worker-13] INFO  o.e.m.c.i.embedder.EclipseLogger - skip non existing resourceDirectory /home/emo/susi-oauth/apis/apis-example-client-app/src/main/resources
2013-10-27 11:27:30,767 [Worker-13] INFO  o.e.m.c.i.embedder.EclipseLogger - Using 'UTF-8' encoding to copy filtered resources.
2013-10-27 11:27:30,767 [Worker-13] INFO  o.e.m.c.i.embedder.EclipseLogger - Copying 0 resource
2013-10-27 11:27:41,309 [Worker-15] INFO  o.e.m.c.i.embedder.EclipseLogger - Using 'UTF-8' encoding to copy filtered resources.
2013-10-27 11:27:41,309 [Worker-15] INFO  o.e.m.c.i.embedder.EclipseLogger - Copying 5 resources
2013-10-27 11:27:41,311 [Worker-15] INFO  o.e.m.c.i.embedder.EclipseLogger - Using 'UTF-8' encoding to copy filtered resources.
2013-10-27 11:27:41,311 [Worker-15] INFO  o.e.m.c.i.embedder.EclipseLogger - Copying 6 resources
2013-10-27 11:27:53,716 [Worker-7] INFO  o.e.m.c.i.embedder.EclipseLogger - Using 'UTF-8' encoding to copy filtered resources.
2013-10-27 11:27:53,717 [Worker-7] INFO  o.e.m.c.i.embedder.EclipseLogger - Copying 1 resource
2013-10-27 11:27:53,718 [Worker-7] INFO  o.e.m.c.i.embedder.EclipseLogger - Using 'UTF-8' encoding to copy filtered resources.
2013-10-27 11:27:53,719 [Worker-7] INFO  o.e.m.c.i.embedder.EclipseLogger - Copying 4 resources
